________________________________________________________________________________
Frame3DD version: 20140514+               http://frame3dd.sf.net/
GPL Copyright (C) 1992-2015, Henri P. Gavin 
Frame3DD is distributed in the hope that it will be useful but with no warranty.
For details see the GNU Public Licence: http://www.fsf.org/copyleft/gpl.html
________________________________________________________________________________

 
Thu May 19 16:17:42 2016
________________________________________________________________________________
In 2D problems the Y-axis is vertical.  In 3D problems the Z-axis is vertical.
________________________________________________________________________________
   44 NODES              4 FIXED NODES       92 FRAME ELEMENTS   1 LOAD CASES   
________________________________________________________________________________
N O D E   D A T A                                           R E S T R A I N T S
  Node       X              Y              Z         radius  Fx Fy Fz Mx My Mz
    1     -31.938000     -26.375000       1.000000    0.000   0  0  0  0  0  0
    2      31.938000     -26.375000       1.000000    0.000   0  0  0  0  0  0
    3      31.938000      26.375000       1.000000    0.000   0  0  0  0  0  0
    4     -31.938000      26.375000       1.000000    0.000   0  0  0  0  0  0
    5     -31.938000     -26.375000      -6.000000    0.000   0  0  0  0  0  0
    6      31.938000     -26.375000      -6.000000    0.000   0  0  0  0  0  0
    7      31.938000      26.375000      -6.000000    0.000   0  0  0  0  0  0
    8     -31.938000      26.375000      -6.000000    0.000   0  0  0  0  0  0
    9     -20.000000      -9.000000       2.000000    0.000   0  0  0  0  0  0
   10     -14.000000     -15.250000       2.000000    0.000   0  0  0  0  0  0
   11      -6.000000     -15.250000       2.000000    0.000   0  0  0  0  0  0
   12       6.000000     -15.250000       2.000000    0.000   0  0  0  0  0  0
   13      14.000000     -15.250000       2.000000    0.000   0  0  0  0  0  0
   14      20.000000      -9.000000       2.000000    0.000   0  0  0  0  0  0
   15      20.000000       9.000000       2.000000    0.000   0  0  0  0  0  0
   16      14.000000      15.250000       2.000000    0.000   0  0  0  0  0  0
   17       6.000000      15.250000       2.000000    0.000   0  0  0  0  0  0
   18      -6.000000      15.250000       2.000000    0.000   0  0  0  0  0  0
   19     -14.000000      15.250000       2.000000    0.000   0  0  0  0  0  0
   20     -20.000000       9.000000       2.000000    0.000   0  0  0  0  0  0
   21     -20.000000      -9.000000      -6.000000    0.000   0  0  0  0  0  0
   22     -14.000000     -15.250000      -6.000000    0.000   0  0  0  0  0  0
   23      -6.000000     -15.250000      -6.000000    0.000   0  0  0  0  0  0
   24       6.000000     -15.250000      -6.000000    0.000   0  0  0  0  0  0
   25      14.000000     -15.250000      -6.000000    0.000   0  0  0  0  0  0
   26      20.000000      -9.000000      -6.000000    0.000   0  0  0  0  0  0
   27      20.000000       9.000000      -6.000000    0.000   0  0  0  0  0  0
   28      14.000000      15.250000      -6.000000    0.000   0  0  0  0  0  0
   29       6.000000      15.250000      -6.000000    0.000   0  0  0  0  0  0
   30      -6.000000      15.250000      -6.000000    0.000   0  0  0  0  0  0
   31     -14.000000      15.250000      -6.000000    0.000   0  0  0  0  0  0
   32     -20.000000       9.000000      -6.000000    0.000   0  0  0  0  0  0
   33     -15.000000     -10.000000       7.000000    0.000   0  0  0  0  0  0
   34      15.000000     -10.000000       7.000000    0.000   0  0  0  0  0  0
   35      15.000000      10.000000       7.000000    0.000   0  0  0  0  0  0
   36     -15.000000      10.000000       7.000000    0.000   0  0  0  0  0  0
   37      -6.000000      -4.000000       0.000000    0.000   1  1  1  1  1  1
   38       6.000000      -4.000000       0.000000    0.000   1  1  1  1  1  1
   39       6.000000       4.000000       0.000000    0.000   1  1  1  1  1  1
   40      -6.000000       4.000000       0.000000    0.000   1  1  1  1  1  1
   41      20.000000       0.000000       2.000000    0.000   0  0  0  0  0  0
   42     -20.000000       0.000000       2.000000    0.000   0  0  0  0  0  0
   43      20.000000       0.000000      -6.000000    0.000   0  0  0  0  0  0
   44     -20.000000       0.000000      -6.000000    0.000   0  0  0  0  0  0
F R A M E   E L E M E N T   D A T A					(local)
  Elmnt  J1    J2     Ax   Asy   Asz    Jxx     Iyy     Izz       E       G roll  density
    1     1     5    0.1   0.1   0.1    0.2     0.1     0.1  10000.0  3770.0   0 2.52e-07
    2     2     6    0.1   0.1   0.1    0.2     0.1     0.1  10000.0  3770.0   0 2.52e-07
    3     3     7    0.1   0.1   0.1    0.2     0.1     0.1  10000.0  3770.0   0 2.52e-07
    4     4     8    0.1   0.1   0.1    0.2     0.1     0.1  10000.0  3770.0   0 2.52e-07
    5     1    10    0.1   0.1   0.1    0.2     0.1     0.1  10000.0  3770.0   0 2.52e-07
    6    10    11    0.1   0.1   0.1    0.2     0.1     0.1  10000.0  3770.0   0 2.52e-07
    7    11    12    0.1   0.1   0.1    0.2     0.1     0.1  10000.0  3770.0   0 2.52e-07
    8    12    13    0.1   0.1   0.1    0.2     0.1     0.1  10000.0  3770.0   0 2.52e-07
    9    13     2    0.1   0.1   0.1    0.2     0.1     0.1  10000.0  3770.0   0 2.52e-07
   10     2    14    0.1   0.1   0.1    0.2     0.1     0.1  10000.0  3770.0   0 2.52e-07
   11    14    41    0.1   0.1   0.1    0.2     0.1     0.1  10000.0  3770.0   0 2.52e-07
   12    41    15    0.1   0.1   0.1    0.2     0.1     0.1  10000.0  3770.0   0 2.52e-07
   13    15     3    0.1   0.1   0.1    0.2     0.1     0.1  10000.0  3770.0   0 2.52e-07
   14     3    16    0.1   0.1   0.1    0.2     0.1     0.1  10000.0  3770.0   0 2.52e-07
   15    16    17    0.1   0.1   0.1    0.2     0.1     0.1  10000.0  3770.0   0 2.52e-07
   16    17    18    0.1   0.1   0.1    0.2     0.1     0.1  10000.0  3770.0   0 2.52e-07
   17    18    19    0.1   0.1   0.1    0.2     0.1     0.1  10000.0  3770.0   0 2.52e-07
   18    19     4    0.1   0.1   0.1    0.2     0.1     0.1  10000.0  3770.0   0 2.52e-07
   19     4    20    0.1   0.1   0.1    0.2     0.1     0.1  10000.0  3770.0   0 2.52e-07
   20    20    42    0.1   0.1   0.1    0.2     0.1     0.1  10000.0  3770.0   0 2.52e-07
   21    42     9    0.1   0.1   0.1    0.2     0.1     0.1  10000.0  3770.0   0 2.52e-07
   22     9     1    0.1   0.1   0.1    0.2     0.1     0.1  10000.0  3770.0   0 2.52e-07
   23     5    22    0.1   0.1   0.1    0.2     0.1     0.1  10000.0  3770.0   0 2.52e-07
   24    22    23    0.1   0.1   0.1    0.2     0.1     0.1  10000.0  3770.0   0 2.52e-07
   25    23    24    0.1   0.1   0.1    0.2     0.1     0.1  10000.0  3770.0   0 2.52e-07
   26    24    25    0.1   0.1   0.1    0.2     0.1     0.1  10000.0  3770.0   0 2.52e-07
   27    25     6    0.1   0.1   0.1    0.2     0.1     0.1  10000.0  3770.0   0 2.52e-07
   28     6    26    0.1   0.1   0.1    0.2     0.1     0.1  10000.0  3770.0   0 2.52e-07
   29    26    43    0.1   0.1   0.1    0.2     0.1     0.1  10000.0  3770.0   0 2.52e-07
   30    43    27    0.1   0.1   0.1    0.2     0.1     0.1  10000.0  3770.0   0 2.52e-07
   31    27     7    0.1   0.1   0.1    0.2     0.1     0.1  10000.0  3770.0   0 2.52e-07
   32     7    28    0.1   0.1   0.1    0.2     0.1     0.1  10000.0  3770.0   0 2.52e-07
   33    28    29    0.1   0.1   0.1    0.2     0.1     0.1  10000.0  3770.0   0 2.52e-07
   34    29    30    0.1   0.1   0.1    0.2     0.1     0.1  10000.0  3770.0   0 2.52e-07
   35    30    31    0.1   0.1   0.1    0.2     0.1     0.1  10000.0  3770.0   0 2.52e-07
   36    31     8    0.1   0.1   0.1    0.2     0.1     0.1  10000.0  3770.0   0 2.52e-07
   37     8    32    0.1   0.1   0.1    0.2     0.1     0.1  10000.0  3770.0   0 2.52e-07
   38    32    44    0.1   0.1   0.1    0.2     0.1     0.1  10000.0  3770.0   0 2.52e-07
   39    44    21    0.1   0.1   0.1    0.2     0.1     0.1  10000.0  3770.0   0 2.52e-07
   40    21     5    0.1   0.1   0.1    0.2     0.1     0.1  10000.0  3770.0   0 2.52e-07
   41    33    34    0.1   0.1   0.1    0.2     0.1     0.1  10000.0  3770.0   0 2.52e-07
   42    34    35    0.1   0.1   0.1    0.2     0.1     0.1  10000.0  3770.0   0 2.52e-07
   43    35    36    0.1   0.1   0.1    0.2     0.1     0.1  10000.0  3770.0   0 2.52e-07
   44    36    33    0.1   0.1   0.1    0.2     0.1     0.1  10000.0  3770.0   0 2.52e-07
   45    33     1    0.1   0.1   0.1    0.2     0.1     0.1  10000.0  3770.0   0 2.52e-07
   46    33     9    0.1   0.1   0.1    0.2     0.1     0.1  10000.0  3770.0   0 2.52e-07
   47    33    10    0.1   0.1   0.1    0.2     0.1     0.1  10000.0  3770.0   0 2.52e-07
   48    34     2    0.1   0.1   0.1    0.2     0.1     0.1  10000.0  3770.0   0 2.52e-07
   49    34    13    0.1   0.1   0.1    0.2     0.1     0.1  10000.0  3770.0   0 2.52e-07
   50    34    14    0.1   0.1   0.1    0.2     0.1     0.1  10000.0  3770.0   0 2.52e-07
   51    35     3    0.1   0.1   0.1    0.2     0.1     0.1  10000.0  3770.0   0 2.52e-07
   52    35    15    0.1   0.1   0.1    0.2     0.1     0.1  10000.0  3770.0   0 2.52e-07
   53    35    16    0.1   0.1   0.1    0.2     0.1     0.1  10000.0  3770.0   0 2.52e-07
   54    36     4    0.1   0.1   0.1    0.2     0.1     0.1  10000.0  3770.0   0 2.52e-07
   55    36    19    0.1   0.1   0.1    0.2     0.1     0.1  10000.0  3770.0   0 2.52e-07
   56    36    20    0.1   0.1   0.1    0.2     0.1     0.1  10000.0  3770.0   0 2.52e-07
   57    14    26    0.1   0.1   0.1    0.0     0.0     0.0  10000.0  3770.0   0 2.52e-07
   58    15    27    0.1   0.1   0.1    0.0     0.0     0.0  10000.0  3770.0   0 2.52e-07
   59    20    32    0.1   0.1   0.1    0.0     0.0     0.0  10000.0  3770.0   0 2.52e-07
   60     9    21    0.1   0.1   0.1    0.0     0.0     0.0  10000.0  3770.0   0 2.52e-07
   61    10    22    0.1   0.1   0.1    0.0     0.0     0.0  10000.0  3770.0   0 2.52e-07
   62    11    23    0.1   0.1   0.1    0.0     0.0     0.0  10000.0  3770.0   0 2.52e-07
   63    12    24    0.1   0.1   0.1    0.0     0.0     0.0  10000.0  3770.0   0 2.52e-07
   64    13    25    0.1   0.1   0.1    0.0     0.0     0.0  10000.0  3770.0   0 2.52e-07
   65    16    28    0.1   0.1   0.1    0.0     0.0     0.0  10000.0  3770.0   0 2.52e-07
   66    17    29    0.1   0.1   0.1    0.0     0.0     0.0  10000.0  3770.0   0 2.52e-07
   67    18    30    0.1   0.1   0.1    0.0     0.0     0.0  10000.0  3770.0   0 2.52e-07
   68    19    31    0.1   0.1   0.1    0.0     0.0     0.0  10000.0  3770.0   0 2.52e-07
   69    41    43    0.1   0.1   0.1    0.0     0.0     0.0  10000.0  3770.0   0 2.52e-07
   70    42    44    0.1   0.1   0.1    0.0     0.0     0.0  10000.0  3770.0   0 2.52e-07
   71    12    25    0.1   0.1   0.1    0.0     0.0     0.0  10000.0  3770.0   0 2.52e-07
   72    11    22    0.1   0.1   0.1    0.0     0.0     0.0  10000.0  3770.0   0 2.52e-07
   73    17    28    0.1   0.1   0.1    0.0     0.0     0.0  10000.0  3770.0   0 2.52e-07
   74    18    31    0.1   0.1   0.1    0.0     0.0     0.0  10000.0  3770.0   0 2.52e-07
   75    41    26    0.1   0.1   0.1    0.0     0.0     0.0  10000.0  3770.0   0 2.52e-07
   76    41    27    0.1   0.1   0.1    0.0     0.0     0.0  10000.0  3770.0   0 2.52e-07
   77    42    21    0.1   0.1   0.1    0.0     0.0     0.0  10000.0  3770.0   0 2.52e-07
   78    42    32    0.1   0.1   0.1    0.0     0.0     0.0  10000.0  3770.0   0 2.52e-07
   79    11    37    0.1   0.1   0.1    0.2     0.1     0.1  10000.0  3770.0   0 2.52e-07
   80    12    38    0.1   0.1   0.1    0.2     0.1     0.1  10000.0  3770.0   0 2.52e-07
   81    17    39    0.1   0.1   0.1    0.2     0.1     0.1  10000.0  3770.0   0 2.52e-07
   82    18    40    0.1   0.1   0.1    0.2     0.1     0.1  10000.0  3770.0   0 2.52e-07
   83    37    24    0.1   0.1   0.1    0.2     0.1     0.1  10000.0  3770.0   0 2.52e-07
   84    38    23    0.1   0.1   0.1    0.2     0.1     0.1  10000.0  3770.0   0 2.52e-07
   85    40    29    0.1   0.1   0.1    0.2     0.1     0.1  10000.0  3770.0   0 2.52e-07
   86    39    30    0.1   0.1   0.1    0.2     0.1     0.1  10000.0  3770.0   0 2.52e-07
   87    24    43    0.1   0.1   0.1    0.2     0.1     0.1  10000.0  3770.0   0 2.52e-07
   88    23    44    0.1   0.1   0.1    0.2     0.1     0.1  10000.0  3770.0   0 2.52e-07
   89    29    43    0.1   0.1   0.1    0.2     0.1     0.1  10000.0  3770.0   0 2.52e-07
   90    30    44    0.1   0.1   0.1    0.2     0.1     0.1  10000.0  3770.0   0 2.52e-07
   91    23    30    0.1   0.1   0.1    0.2     0.1     0.1  10000.0  3770.0   0 2.52e-07
   92    24    29    0.1   0.1   0.1    0.2     0.1     0.1  10000.0  3770.0   0 2.52e-07
  Include shear deformations.
  Include geometric stiffness.

L O A D   C A S E   1   O F   1  ... 

   Gravity X =  0.0    Gravity Y =  0.0    Gravity Z =  -386.400 
   4 concentrated loads
   0 uniformly distributed loads
   0 trapezoidally distributed loads
   0 concentrated point loads
   0 temperature loads
   0 prescribed displacements
 N O D A L   L O A D S  +  E Q U I V A L E N T   N O D A L   L O A D S  (global)
  Node        Fx          Fy          Fz          Mxx         Myy         Mzz
     1       0.049       0.038       0.063      -0.001       0.001       0.000
     2      -0.046       0.041       0.063      -0.001      -0.001       0.000
     3      -0.046      -0.041       0.063       0.001      -0.001       0.000
     4       0.049      -0.038       0.063       0.001       0.001       0.000
     5       0.000       0.000      -0.000      -0.001       0.001       0.000
     6       0.000       0.000      -0.000      -0.001      -0.001       0.000
     7       0.000       0.000      -0.000       0.001      -0.001       0.000
     8       0.000       0.000      -0.000       0.001       0.001       0.000
     9       0.000       0.000      -0.000       0.000      -0.000       0.000
    10       0.000       0.000      -0.000       0.000      -0.000       0.000
    11       0.000       0.000      -0.000      -0.000       0.000       0.000
    12       0.000       0.000      -0.000      -0.000      -0.000       0.000
    13       0.000       0.000      -0.000       0.000       0.000       0.000
    14       0.000       0.000      -0.000       0.000       0.000       0.000
    15       0.000       0.000      -0.000      -0.000       0.000       0.000
    16       0.000       0.000      -0.000      -0.000       0.000       0.000
    17       0.000       0.000      -0.000       0.000      -0.000       0.000
    18       0.000       0.000      -0.000       0.000       0.000       0.000
    19       0.000       0.000      -0.000      -0.000      -0.000       0.000
    20       0.000       0.000      -0.000      -0.000      -0.000       0.000
    21       0.000       0.000      -0.000       0.000      -0.000       0.000
    22       0.000       0.000      -0.000       0.000      -0.000       0.000
    23       0.000       0.000      -0.001      -0.001       0.000       0.000
    24       0.000       0.000      -0.001      -0.001      -0.000       0.000
    25       0.000       0.000      -0.000       0.000       0.000       0.000
    26       0.000       0.000      -0.000       0.000       0.000       0.000
    27       0.000       0.000      -0.000      -0.000       0.000       0.000
    28       0.000       0.000      -0.000      -0.000       0.000       0.000
    29       0.000       0.000      -0.001       0.001      -0.000       0.000
    30       0.000       0.000      -0.001       0.001       0.000       0.000
    31       0.000       0.000      -0.000      -0.000      -0.000       0.000
    32       0.000       0.000      -0.000      -0.000      -0.000       0.000
    33       0.000       0.000      -0.001       0.000       0.000       0.000
    34       0.000       0.000      -0.001       0.000      -0.000       0.000
    35       0.000       0.000      -0.001      -0.000      -0.000       0.000
    36       0.000       0.000      -0.001      -0.000       0.000       0.000
    37       0.000       0.000      -0.000       0.000       0.000       0.000
    38       0.000       0.000      -0.000       0.000      -0.000       0.000
    39       0.000       0.000      -0.000      -0.000      -0.000       0.000
    40       0.000       0.000      -0.000      -0.000       0.000       0.000
    41       0.000       0.000      -0.000       0.000       0.000       0.000
    42       0.000       0.000      -0.000       0.000       0.000       0.000
    43       0.000       0.000      -0.000       0.000      -0.001       0.000
    44       0.000       0.000      -0.000       0.000       0.001       0.000

E L A S T I C   S T I F F N E S S   A N A L Y S I S   via  L D L'  decomposition


L O A D   C A S E   1   O F   1  ... 

N O D E   D I S P L A C E M E N T S  					(global)
  Node    X-dsp       Y-dsp       Z-dsp       X-rot       Y-rot       Z-rot
     1    0.001875   -0.002777    0.028254   -0.000170    0.000664    0.000234
     2   -0.000947   -0.001909    0.027400   -0.000210   -0.000601   -0.000158
     3   -0.000951    0.001914    0.027427    0.000211   -0.000602    0.000159
     4    0.001880    0.002784    0.028280    0.000171    0.000665   -0.000234
     5   -0.001201   -0.002392    0.028171   -0.000121    0.000592    0.000168
     6    0.001634   -0.001856    0.027316   -0.000164   -0.000527   -0.000106
     7    0.001635    0.001865    0.027343    0.000165   -0.000527    0.000106
     8   -0.001203    0.002400    0.028196    0.000121    0.000593   -0.000168
     9   -0.000852   -0.000009    0.013867   -0.000134    0.000473    0.000028
    10    0.000318    0.001117    0.010449   -0.000116    0.000548    0.000150
    11    0.000331    0.001243    0.006475   -0.000561    0.000266   -0.000019
    12   -0.000088    0.001206    0.006356   -0.000555   -0.000240    0.000019
    13   -0.000058    0.001038    0.010098   -0.000123   -0.000522   -0.000131
    14    0.000800    0.000038    0.013212   -0.000143   -0.000429   -0.000003
    15    0.000799   -0.000036    0.013223    0.000144   -0.000428    0.000003
    16   -0.000057   -0.001042    0.010111    0.000121   -0.000522    0.000131
    17   -0.000088   -0.001209    0.006371    0.000559   -0.000240   -0.000019
    18    0.000331   -0.001246    0.006490    0.000565    0.000266    0.000019
    19    0.000318   -0.001120    0.010461    0.000114    0.000548   -0.000150
    20   -0.000851    0.000012    0.013878    0.000135    0.000472   -0.000028
    21   -0.003412   -0.000268    0.013908   -0.000188    0.000542   -0.000151
    22   -0.001278   -0.001534    0.009878   -0.000390    0.000539    0.000086
    23   -0.000805   -0.000468    0.006030   -0.000152    0.000363    0.000060
    24    0.000761   -0.000494    0.005911   -0.000157   -0.000338   -0.000065
    25    0.001255   -0.001649    0.009521   -0.000404   -0.000505   -0.000086
    26    0.003158   -0.000256    0.013248   -0.000192   -0.000514    0.000152
    27    0.003157    0.000267    0.013259    0.000193   -0.000514   -0.000152
    28    0.001254    0.001661    0.009533    0.000409   -0.000504    0.000086
    29    0.000761    0.000504    0.005925    0.000158   -0.000338    0.000065
    30   -0.000804    0.000478    0.006045    0.000152    0.000363   -0.000060
    31   -0.001277    0.001546    0.009890    0.000396    0.000538   -0.000086
    32   -0.003411    0.000279    0.013918    0.000190    0.000542    0.000151
    33    0.001423    0.000551    0.011579    0.000022    0.000457    0.000141
    34   -0.001207    0.000543    0.011163    0.000013   -0.000423   -0.000116
    35   -0.001207   -0.000545    0.011177   -0.000012   -0.000423    0.000116
    36    0.001423   -0.000553    0.011592   -0.000021    0.000457   -0.000141
    41    0.000398    0.000001    0.012627    0.000001   -0.000257    0.000000
    42   -0.000527    0.000001    0.013292    0.000001    0.000281   -0.000000
    43    0.001119    0.000005    0.012477    0.000001   -0.000461    0.000000
    44   -0.001261    0.000005    0.013140    0.000001    0.000488   -0.000000
F R A M E   E L E M E N T   E N D   F O R C E S				(local)
  Elmnt  Node       Nx          Vy         Vz        Txx        Myy        Mzz
     1      1     -0.015t     -0.037     -0.035     -0.009      0.133     -0.137
     1      5      0.015t      0.037      0.035      0.009      0.109     -0.120
     2      2     -0.015t     -0.036      0.036      0.007     -0.138     -0.133
     2      6      0.015t      0.036     -0.036     -0.007     -0.112     -0.117
     3      3     -0.015t      0.036      0.036     -0.007     -0.138      0.133
     3      7      0.015t     -0.036     -0.036      0.007     -0.112      0.117
     4      4     -0.015t      0.037     -0.035      0.009      0.133      0.137
     4      8      0.015t     -0.037      0.035     -0.009      0.108      0.120
     5      1      0.007c     -0.000      0.008      0.001     -0.075      0.001
     5     10     -0.007c      0.000     -0.008     -0.001     -0.088     -0.009
     6     10     -0.002t      0.008      0.014      0.051     -0.012      0.056
     6     11      0.002t     -0.008     -0.014     -0.051     -0.098      0.005
     7     11      0.044c      0.000     -0.000     -0.000      0.053     -0.002
     7     12     -0.044c     -0.000      0.000      0.000     -0.050      0.005
     8     12     -0.005t     -0.005     -0.013     -0.049      0.096      0.001
     8     13      0.005t      0.005      0.013      0.049      0.011     -0.045
     9     13      0.001c      0.0       -0.008      0.001      0.088      0.003
     9      2     -0.001c      0.0        0.008     -0.001      0.076     -0.001
    10      2      0.003c      0.002      0.007     -0.005     -0.068      0.009
    10     14     -0.003c     -0.002     -0.007      0.005     -0.085      0.027
    11     14      0.005c     -0.006     -0.001     -0.017      0.023     -0.027
    11     41     -0.005c      0.006      0.001      0.017     -0.016     -0.027
    12     41      0.005c      0.006      0.001      0.017      0.016      0.027
    12     15     -0.005c     -0.006     -0.001     -0.017     -0.023      0.027
    13     15      0.003c     -0.002     -0.007      0.005      0.085     -0.027
    13      3     -0.003c      0.002      0.007     -0.005      0.068     -0.009
    14      3      0.001c     -0.000      0.008     -0.001     -0.076      0.001
    14     16     -0.001c      0.000     -0.008      0.001     -0.089     -0.003
    15     16     -0.005t      0.005      0.013      0.048     -0.010      0.045
    15     17      0.005t     -0.005     -0.013     -0.048     -0.096     -0.001
    16     17      0.044c     -0.000      0.000      0.000      0.050     -0.005
    16     18     -0.044c      0.000     -0.000     -0.000     -0.053      0.002
    17     18     -0.002t     -0.008     -0.014     -0.050      0.098     -0.005
    17     19      0.002t      0.008      0.014      0.050      0.012     -0.057
    18     19      0.007c      0.000     -0.008     -0.001      0.089      0.009
    18      4     -0.007c     -0.000      0.008      0.001      0.075     -0.000
    19      4     -0.003t      0.002      0.007     -0.006     -0.069      0.011
    19     20      0.003t     -0.002     -0.007      0.006     -0.084      0.034
    20     20     -0.001t     -0.007     -0.000     -0.019      0.020     -0.033
    20     42      0.001t      0.007      0.000      0.019     -0.016     -0.026
    21     42     -0.001t      0.007      0.000      0.019      0.016      0.026
    21      9      0.001t     -0.007     -0.000     -0.019     -0.020      0.033
    22      9     -0.003t     -0.002     -0.007      0.006      0.084     -0.034
    22      1      0.003t      0.002      0.007     -0.006      0.069     -0.011
    23      5     -0.023t      0.003      0.008      0.011     -0.087      0.034
    23     22      0.023t     -0.003     -0.008     -0.011     -0.075      0.025
    24     22     -0.075t     -0.009      0.005     -0.027      0.008     -0.033
    24     23      0.075t      0.009     -0.005      0.027     -0.045     -0.041
    25     23     -0.165t      0.0       -0.000      0.000      0.072      0.013
    25     24      0.165t      0.0        0.000     -0.000     -0.070     -0.013
    26     24     -0.078t      0.011     -0.005      0.028      0.044      0.046
    26     25      0.078t     -0.011      0.005     -0.028     -0.007      0.039
    27     25     -0.026t     -0.003     -0.008     -0.009      0.076     -0.030
    27      6      0.026t      0.003      0.008      0.009      0.089     -0.033
    28      6     -0.027t      0.004      0.007     -0.001     -0.075      0.026
    28     26      0.027t     -0.004     -0.007      0.001     -0.072      0.055
    29     26     -0.037t     -0.020     -0.001     -0.005      0.032     -0.068
    29     43      0.037t      0.020      0.001      0.005     -0.020     -0.109
    30     43     -0.037t      0.020      0.001      0.005      0.020      0.109
    30     27      0.037t     -0.020     -0.001     -0.005     -0.032      0.068
    31     27     -0.027t     -0.004     -0.007      0.001      0.072     -0.055
    31      7      0.027t      0.004      0.007     -0.001      0.075     -0.026
    32      7     -0.026t      0.003      0.008      0.009     -0.089      0.033
    32     28      0.026t     -0.003     -0.008     -0.009     -0.075      0.030
    33     28     -0.078t     -0.011      0.005     -0.028      0.007     -0.039
    33     29      0.078t      0.011     -0.005      0.028     -0.044     -0.046
    34     29     -0.164t      0.0        0.000     -0.000      0.070      0.013
    34     30      0.164t      0.0       -0.000      0.000     -0.072     -0.013
    35     30     -0.075t      0.009     -0.005      0.027      0.045      0.041
    35     31      0.075t     -0.009      0.005     -0.027     -0.008      0.033
    36     31     -0.023t     -0.003     -0.008     -0.011      0.075     -0.025
    36      8      0.023t      0.003      0.008      0.011      0.087     -0.034
    37      8     -0.030t      0.004      0.007     -0.003     -0.076      0.025
    37     32      0.030t     -0.004     -0.007      0.003     -0.072      0.062
    38     32     -0.038t     -0.021     -0.001     -0.005      0.031     -0.076
    38     44      0.038t      0.021      0.001      0.005     -0.020     -0.117
    39     44     -0.038t      0.021      0.001      0.005      0.020      0.117
    39     21      0.038t     -0.021     -0.001     -0.005     -0.031      0.076
    40     21     -0.030t     -0.004     -0.007      0.003      0.072     -0.062
    40      5      0.030t      0.004      0.007     -0.003      0.076     -0.025
    41     33      0.111c      0.000      0.000      0.000      0.035      0.013
    41     34     -0.111c     -0.000      0.000     -0.000     -0.034     -0.007
    42     34      0.069c      0.0        0.000      0.0       -0.002     -0.014
    42     35     -0.069c      0.0        0.000      0.0        0.002      0.014
    43     35      0.111c     -0.000      0.000     -0.000      0.034      0.007
    43     36     -0.111c      0.000      0.000      0.000     -0.035     -0.013
    44     36      0.070c      0.0        0.000      0.0       -0.003     -0.017
    44     33     -0.070c      0.0        0.000      0.0        0.003      0.017
    45     33      0.113c     -0.000     -0.005      0.001      0.079     -0.008
    45      1     -0.114c      0.000      0.005     -0.001      0.052      0.001
    46     33      0.015c      0.004      0.001     -0.025     -0.008      0.010
    46      9     -0.015c     -0.004     -0.001      0.025     -0.002      0.020
    47     33     -0.037t     -0.018      0.024      0.011     -0.067     -0.053
    47     10      0.037t      0.018     -0.024     -0.011     -0.106     -0.077
    48     34      0.113c      0.0       -0.005      0.001      0.079      0.003
    48      2     -0.113c      0.0        0.005     -0.001      0.052     -0.002
    49     34     -0.037t      0.016      0.024     -0.013     -0.068      0.046
    49     13      0.037t     -0.016     -0.024      0.013     -0.106      0.071
    50     34      0.018c     -0.004      0.003      0.024     -0.015     -0.009
    50     14     -0.018c      0.004     -0.003     -0.024     -0.006     -0.018
    51     35      0.113c      0.0       -0.005     -0.001      0.079     -0.003
    51      3     -0.113c      0.0        0.005      0.001      0.052      0.002
    52     35      0.018c      0.004      0.003     -0.024     -0.015      0.009
    52     15     -0.018c     -0.004     -0.003      0.024     -0.006      0.018
    53     35     -0.037t     -0.016      0.024      0.012     -0.068     -0.046
    53     16      0.037t      0.016     -0.024     -0.012     -0.105     -0.070
    54     36      0.114c      0.000     -0.005     -0.001      0.079      0.008
    54      4     -0.114c     -0.000      0.005      0.001      0.052     -0.001
    55     36     -0.037t      0.018      0.024     -0.011     -0.067      0.053
    55     19      0.037t     -0.018     -0.023      0.011     -0.105      0.077
    56     36      0.015c     -0.004      0.002      0.025     -0.008     -0.010
    56     20     -0.015c      0.004     -0.001     -0.025     -0.003     -0.020
    57     14      0.002c     -0.004      0.006      0.003     -0.022     -0.017
    57     26     -0.002c      0.004     -0.006     -0.003     -0.026     -0.019
    58     15      0.002c      0.004      0.006     -0.003     -0.022      0.017
    58     27     -0.002c     -0.004     -0.006      0.003     -0.026      0.019
    59     20      0.003c      0.004     -0.006      0.004      0.024      0.016
    59     32     -0.003c     -0.004      0.006     -0.004      0.028      0.019
    60      9      0.003c     -0.004     -0.006     -0.004      0.024     -0.016
    60     21     -0.003c      0.004      0.006      0.004      0.028     -0.019
    61     10     -0.036t      0.003     -0.012     -0.001      0.047      0.018
    61     22      0.036t     -0.003      0.012      0.001      0.047      0.003
    62     11     -0.028t     -0.005     -0.006      0.002      0.021     -0.031
    62     23      0.028t      0.005      0.006     -0.002      0.026     -0.008
    63     12     -0.028t     -0.005      0.006     -0.002     -0.022     -0.031
    63     24      0.028t      0.005     -0.006      0.002     -0.028     -0.009
    64     13     -0.037t      0.002      0.012      0.001     -0.048      0.018
    64     25      0.037t     -0.002     -0.012     -0.001     -0.047      0.002
    65     16     -0.037t     -0.003      0.012     -0.001     -0.048     -0.018
    65     28      0.037t      0.003     -0.012      0.001     -0.047     -0.002
    66     17     -0.029t      0.005      0.006      0.002     -0.022      0.031
    66     29      0.028t     -0.005     -0.006     -0.002     -0.028      0.009
    67     18     -0.028t      0.005     -0.006     -0.002      0.021      0.031
    67     30      0.028t     -0.005      0.006      0.002      0.026      0.008
    68     19     -0.036t     -0.003     -0.012      0.001      0.047     -0.019
    68     31      0.036t      0.003      0.012     -0.001      0.047     -0.003
    69     41     -0.010t      0.0        0.009      0.0       -0.031      0.0  
    69     43      0.010t      0.0       -0.009      0.0       -0.043      0.0  
    70     42     -0.010t      0.0       -0.010      0.0        0.034      0.0  
    70     44      0.010t      0.0        0.010      0.0        0.046      0.0  
    71     12      0.058c     -0.002      0.002     -0.003     -0.005     -0.012
    71     25     -0.058c      0.002     -0.002      0.003     -0.015     -0.011
    72     11      0.057c      0.002      0.002      0.003     -0.004      0.013
    72     22     -0.057c     -0.002     -0.002     -0.003     -0.015      0.011
    73     17      0.058c      0.002      0.002      0.003     -0.004      0.013
    73     28     -0.058c     -0.002     -0.002     -0.003     -0.015      0.011
    74     18      0.057c     -0.002      0.002     -0.003     -0.004     -0.013
    74     31     -0.057c      0.002     -0.002      0.003     -0.015     -0.012
    75     41      0.009c      0.001      0.001     -0.001     -0.001      0.003
    75     26     -0.009c     -0.001     -0.001      0.001     -0.008      0.014
    76     41      0.009c     -0.001      0.001      0.001     -0.001     -0.003
    76     27     -0.009c      0.001     -0.001     -0.001     -0.008     -0.014
    77     42      0.009c     -0.002      0.001      0.001     -0.001     -0.004
    77     21     -0.009c      0.002     -0.001     -0.001     -0.008     -0.014
    78     42      0.009c      0.002      0.001     -0.001     -0.001      0.004
    78     32     -0.009c     -0.002     -0.001      0.001     -0.008      0.014
    79     11      0.010c     -0.001      0.027      0.021     -0.094     -0.005
    79     37     -0.010c      0.001     -0.027     -0.021     -0.213     -0.011
    80     12      0.008c     -0.000      0.026     -0.019     -0.090     -0.005
    80     38     -0.008c      0.000     -0.026      0.019     -0.208      0.000
    81     17      0.008c      0.000      0.026      0.019     -0.090      0.005
    81     39     -0.008c     -0.000     -0.026     -0.019     -0.208     -0.000
    82     18      0.010c      0.001      0.027     -0.021     -0.093      0.005
    82     40     -0.010c     -0.001     -0.027      0.021     -0.213      0.011
    83     37      0.085c     -0.001     -0.007     -0.007      0.084     -0.006
    83     24     -0.085c      0.001      0.007      0.007      0.035     -0.009
    84     38      0.087c      0.001     -0.007      0.008      0.085      0.006
    84     23     -0.087c     -0.001      0.007     -0.008      0.034      0.007
    85     40      0.085c      0.001     -0.007      0.007      0.084      0.006
    85     29     -0.085c     -0.001      0.007     -0.007      0.036      0.009
    86     39      0.087c     -0.001     -0.007     -0.008      0.085     -0.005
    86     30     -0.087c      0.001      0.007      0.008      0.034     -0.007
    87     24     -0.037t     -0.001     -0.003     -0.001      0.046     -0.016
    87     43      0.037t      0.001      0.003      0.001      0.023     -0.008
    88     23     -0.040t      0.001     -0.003      0.000      0.048      0.013
    88     44      0.040t     -0.001      0.004     -0.000      0.026      0.006
    89     29     -0.037t      0.001     -0.003      0.001      0.046      0.016
    89     43      0.037t     -0.001      0.003     -0.001      0.023      0.008
    90     30     -0.040t     -0.001     -0.003     -0.000      0.048     -0.013
    90     44      0.040t      0.001      0.004      0.000      0.025     -0.006
    91     23     -0.039t      0.0        0.000      0.0        0.011      0.005
    91     30      0.039t      0.0        0.000      0.0       -0.011     -0.005
    92     24     -0.041t      0.0        0.000      0.0        0.012     -0.005
    92     29      0.041t      0.0        0.000      0.0       -0.012      0.005
R E A C T I O N S							(global)
  Node        Fx          Fy          Fz         Mxx         Myy         Mzz
    37       0.055      -0.068      -0.060       0.264       0.044      -0.010
    38      -0.058      -0.068      -0.060       0.259      -0.049      -0.000
    39      -0.058       0.068      -0.060      -0.260      -0.049       0.000
    40       0.055       0.068      -0.060      -0.264       0.044       0.010
R M S    R E L A T I V E    E Q U I L I B R I U M    E R R O R: 6.949e-27

P E A K   F R A M E   E L E M E N T   I N T E R N A L   F O R C E S	(local)
  Elmnt             Nx          Vy         Vz        Txx        Myy        Mzz
     1   max       0.015       0.037      0.035      0.009      0.133      0.137
     1   min       0.015       0.037      0.035      0.009     -0.109     -0.120
     2   max       0.015       0.036     -0.036     -0.007      0.112      0.133
     2   min       0.015       0.036     -0.036     -0.007     -0.138     -0.117
     3   max       0.015      -0.036     -0.036      0.007      0.112      0.117
     3   min       0.015      -0.036     -0.036      0.007     -0.138     -0.133
     4   max       0.015      -0.037      0.035     -0.009      0.133      0.120
     4   min       0.015      -0.037      0.035     -0.009     -0.108     -0.137
     5   max      -0.007       0.000     -0.008     -0.001      0.088     -0.001
     5   min      -0.007       0.000     -0.008     -0.001     -0.075     -0.009
     6   max       0.002      -0.008     -0.014     -0.051      0.098      0.005
     6   min       0.002      -0.008     -0.014     -0.051     -0.012     -0.056
     7   max      -0.044      -0.000      0.000      0.000      0.053      0.005
     7   min      -0.044      -0.000      0.000      0.000      0.050      0.002
     8   max       0.005       0.005      0.013      0.049      0.096     -0.001
     8   min       0.005       0.005      0.013      0.049     -0.011     -0.045
     9   max      -0.001      -0.000      0.008     -0.001      0.088     -0.001
     9   min      -0.001      -0.000      0.008     -0.001     -0.076     -0.003
    10   max      -0.003      -0.002     -0.007      0.005      0.085      0.027
    10   min      -0.003      -0.002     -0.007      0.005     -0.068     -0.009
    11   max      -0.005       0.006      0.001      0.017      0.023      0.027
    11   min      -0.005       0.006      0.001      0.017      0.016     -0.027
    12   max      -0.005      -0.006     -0.001     -0.017      0.023      0.027
    12   min      -0.005      -0.006     -0.001     -0.017      0.016     -0.027
    13   max      -0.003       0.002      0.007     -0.005      0.085      0.027
    13   min      -0.003       0.002      0.007     -0.005     -0.068     -0.009
    14   max      -0.001       0.000     -0.008      0.001      0.089     -0.001
    14   min      -0.001       0.000     -0.008      0.001     -0.076     -0.003
    15   max       0.005      -0.005     -0.013     -0.048      0.096     -0.001
    15   min       0.005      -0.005     -0.013     -0.048     -0.010     -0.045
    16   max      -0.044       0.000     -0.000     -0.000      0.053      0.005
    16   min      -0.044       0.000     -0.000     -0.000      0.050      0.002
    17   max       0.002       0.008      0.014      0.050      0.098      0.005
    17   min       0.002       0.008      0.014      0.050     -0.012     -0.057
    18   max      -0.007      -0.000      0.008      0.001      0.089     -0.000
    18   min      -0.007      -0.000      0.008      0.001     -0.075     -0.009
    19   max       0.003      -0.002     -0.007      0.006      0.084      0.034
    19   min       0.003      -0.002     -0.007      0.006     -0.069     -0.011
    20   max       0.001       0.007      0.000      0.019      0.020      0.033
    20   min       0.001       0.007      0.000      0.019      0.016     -0.026
    21   max       0.001      -0.007     -0.000     -0.019      0.020      0.033
    21   min       0.001      -0.007     -0.000     -0.019      0.016     -0.026
    22   max       0.003       0.002      0.007     -0.006      0.084      0.034
    22   min       0.003       0.002      0.007     -0.006     -0.069     -0.011
    23   max       0.023      -0.003     -0.008     -0.011      0.075      0.025
    23   min       0.023      -0.003     -0.008     -0.011     -0.087     -0.034
    24   max       0.075       0.009     -0.005      0.027      0.045      0.033
    24   min       0.075       0.009     -0.005      0.027      0.008     -0.041
    25   max       0.165       0.000      0.000     -0.000      0.072     -0.013
    25   min       0.165       0.000      0.000     -0.000      0.070     -0.013
    26   max       0.078      -0.011      0.005     -0.028      0.044      0.039
    26   min       0.078      -0.011      0.005     -0.028      0.007     -0.046
    27   max       0.026       0.003      0.008      0.009      0.076      0.030
    27   min       0.026       0.003      0.008      0.009     -0.089     -0.033
    28   max       0.027      -0.004     -0.007      0.001      0.072      0.055
    28   min       0.027      -0.004     -0.007      0.001     -0.075     -0.026
    29   max       0.037       0.020      0.001      0.005      0.032      0.068
    29   min       0.037       0.020      0.001      0.005      0.020     -0.109
    30   max       0.037      -0.020     -0.001     -0.005      0.032      0.068
    30   min       0.037      -0.020     -0.001     -0.005      0.020     -0.109
    31   max       0.027       0.004      0.007     -0.001      0.072      0.055
    31   min       0.027       0.004      0.007     -0.001     -0.075     -0.026
    32   max       0.026      -0.003     -0.008     -0.009      0.075      0.030
    32   min       0.026      -0.003     -0.008     -0.009     -0.089     -0.033
    33   max       0.078       0.011     -0.005      0.028      0.044      0.039
    33   min       0.078       0.011     -0.005      0.028      0.007     -0.046
    34   max       0.164      -0.000     -0.000      0.000      0.072     -0.013
    34   min       0.164      -0.000     -0.000      0.000      0.070     -0.013
    35   max       0.075      -0.009      0.005     -0.027      0.045      0.033
    35   min       0.075      -0.009      0.005     -0.027      0.008     -0.041
    36   max       0.023       0.003      0.008      0.011      0.075      0.025
    36   min       0.023       0.003      0.008      0.011     -0.087     -0.034
    37   max       0.030      -0.004     -0.007      0.003      0.072      0.062
    37   min       0.030      -0.004     -0.007      0.003     -0.076     -0.025
    38   max       0.038       0.021      0.001      0.005      0.031      0.076
    38   min       0.038       0.021      0.001      0.005      0.020     -0.117
    39   max       0.038      -0.021     -0.001     -0.005      0.031      0.076
    39   min       0.038      -0.021     -0.001     -0.005      0.020     -0.117
    40   max       0.030       0.004      0.007     -0.003      0.072      0.062
    40   min       0.030       0.004      0.007     -0.003     -0.076     -0.025
    41   max      -0.111      -0.000      0.000     -0.000      0.036     -0.007
    41   min      -0.111      -0.000     -0.000     -0.000      0.034     -0.013
    42   max      -0.069       0.000      0.000      0.000     -0.002      0.014
    42   min      -0.069       0.000     -0.000      0.000     -0.002      0.014
    43   max      -0.111       0.000      0.000      0.000      0.036     -0.007
    43   min      -0.111       0.000     -0.000      0.000      0.034     -0.013
    44   max      -0.070       0.000      0.000     -0.000     -0.003      0.017
    44   min      -0.070       0.000     -0.000     -0.000     -0.003      0.017
    45   max      -0.113       0.000      0.005     -0.001      0.079      0.008
    45   min      -0.114       0.000      0.005     -0.001     -0.052      0.001
    46   max      -0.015      -0.004     -0.001      0.025      0.002      0.020
    46   min      -0.015      -0.004     -0.001      0.025     -0.008     -0.010
    47   max       0.037       0.018     -0.024     -0.011      0.106      0.053
    47   min       0.037       0.018     -0.024     -0.011     -0.067     -0.077
    48   max      -0.113      -0.000      0.005     -0.001      0.079     -0.002
    48   min      -0.113      -0.000      0.005     -0.001     -0.052     -0.003
    49   max       0.037      -0.016     -0.024      0.013      0.106      0.071
    49   min       0.037      -0.016     -0.024      0.013     -0.068     -0.046
    50   max      -0.018       0.004     -0.003     -0.024      0.006      0.009
    50   min      -0.018       0.004     -0.003     -0.024     -0.015     -0.018
    51   max      -0.113       0.000      0.005      0.001      0.079      0.003
    51   min      -0.113       0.000      0.005      0.001     -0.052      0.002
    52   max      -0.018      -0.004     -0.003      0.024      0.006      0.018
    52   min      -0.018      -0.004     -0.003      0.024     -0.015     -0.009
    53   max       0.037       0.016     -0.024     -0.012      0.105      0.046
    53   min       0.037       0.016     -0.024     -0.012     -0.068     -0.070
    54   max      -0.114      -0.000      0.005      0.001      0.079     -0.001
    54   min      -0.114      -0.000      0.005      0.001     -0.052     -0.008
    55   max       0.037      -0.018     -0.023      0.011      0.105      0.077
    55   min       0.037      -0.018     -0.024      0.011     -0.067     -0.053
    56   max      -0.015       0.004     -0.001     -0.025      0.003      0.010
    56   min      -0.015       0.004     -0.002     -0.025     -0.008     -0.020
    57   max      -0.002       0.004     -0.006     -0.003      0.026      0.017
    57   min      -0.002       0.004     -0.006     -0.003     -0.022     -0.019
    58   max      -0.002      -0.004     -0.006      0.003      0.026      0.019
    58   min      -0.002      -0.004     -0.006      0.003     -0.022     -0.017
    59   max      -0.003      -0.004      0.006     -0.004      0.024      0.019
    59   min      -0.003      -0.004      0.006     -0.004     -0.028     -0.016
    60   max      -0.003       0.004      0.006      0.004      0.024      0.016
    60   min      -0.003       0.004      0.006      0.004     -0.028     -0.019
    61   max       0.036      -0.003      0.012      0.001      0.047      0.003
    61   min       0.036      -0.003      0.012      0.001     -0.047     -0.018
    62   max       0.028       0.005      0.006     -0.002      0.021      0.031
    62   min       0.028       0.005      0.006     -0.002     -0.026     -0.008
    63   max       0.028       0.005     -0.006      0.002      0.028      0.031
    63   min       0.028       0.005     -0.006      0.002     -0.022     -0.009
    64   max       0.037      -0.002     -0.012     -0.001      0.047      0.002
    64   min       0.037      -0.002     -0.012     -0.001     -0.048     -0.018
    65   max       0.037       0.003     -0.012      0.001      0.047      0.018
    65   min       0.037       0.003     -0.012      0.001     -0.048     -0.002
    66   max       0.029      -0.005     -0.006     -0.002      0.028      0.009
    66   min       0.028      -0.005     -0.006     -0.002     -0.022     -0.031
    67   max       0.028      -0.005      0.006      0.002      0.021      0.008
    67   min       0.028      -0.005      0.006      0.002     -0.026     -0.031
    68   max       0.036       0.003      0.012     -0.001      0.047      0.019
    68   min       0.036       0.003      0.012     -0.001     -0.047     -0.003
    69   max       0.010      -0.000     -0.009      0.000      0.043      0.000
    69   min       0.010      -0.000     -0.009      0.000     -0.031     -0.000
    70   max       0.010      -0.000      0.010     -0.000      0.034      0.000
    70   min       0.010      -0.000      0.010     -0.000     -0.046     -0.000
    71   max      -0.058       0.002     -0.002      0.003      0.015      0.012
    71   min      -0.058       0.002     -0.002      0.003     -0.005     -0.011
    72   max      -0.057      -0.002     -0.002     -0.003      0.015      0.011
    72   min      -0.057      -0.002     -0.002     -0.003     -0.004     -0.013
    73   max      -0.058      -0.002     -0.002     -0.003      0.015      0.011
    73   min      -0.058      -0.002     -0.002     -0.003     -0.004     -0.013
    74   max      -0.057       0.002     -0.002      0.003      0.015      0.013
    74   min      -0.057       0.002     -0.002      0.003     -0.004     -0.012
    75   max      -0.009      -0.001     -0.001      0.001      0.008      0.014
    75   min      -0.009      -0.001     -0.001      0.001     -0.001     -0.003
    76   max      -0.009       0.001     -0.001     -0.001      0.008      0.003
    76   min      -0.009       0.001     -0.001     -0.001     -0.001     -0.014
    77   max      -0.009       0.002     -0.001     -0.001      0.008      0.004
    77   min      -0.009       0.002     -0.001     -0.001     -0.001     -0.014
    78   max      -0.009      -0.002     -0.001      0.001      0.008      0.014
    78   min      -0.009      -0.002     -0.001      0.001     -0.001     -0.004
    79   max      -0.010       0.001     -0.027     -0.021      0.213      0.005
    79   min      -0.010       0.001     -0.027     -0.021     -0.094     -0.011
    80   max      -0.008       0.000     -0.026      0.019      0.208      0.005
    80   min      -0.008       0.000     -0.026      0.019     -0.090      0.000
    81   max      -0.008      -0.000     -0.026     -0.019      0.208     -0.000
    81   min      -0.008      -0.000     -0.026     -0.019     -0.090     -0.005
    82   max      -0.010      -0.001     -0.027      0.021      0.213      0.011
    82   min      -0.010      -0.001     -0.027      0.021     -0.093     -0.005
    83   max      -0.085       0.001      0.007      0.007      0.084      0.006
    83   min      -0.085       0.001      0.007      0.007     -0.035     -0.009
    84   max      -0.087      -0.001      0.007     -0.008      0.085      0.007
    84   min      -0.087      -0.001      0.007     -0.008     -0.034     -0.006
    85   max      -0.085      -0.001      0.007     -0.007      0.084      0.009
    85   min      -0.085      -0.001      0.007     -0.007     -0.036     -0.006
    86   max      -0.087       0.001      0.007      0.008      0.085      0.005
    86   min      -0.087       0.001      0.007      0.008     -0.034     -0.007
    87   max       0.037       0.001      0.003      0.001      0.046      0.016
    87   min       0.037       0.001      0.003      0.001     -0.023     -0.008
    88   max       0.040      -0.001      0.004     -0.000      0.048      0.006
    88   min       0.040      -0.001      0.003     -0.000     -0.026     -0.013
    89   max       0.037      -0.001      0.003     -0.001      0.046      0.008
    89   min       0.037      -0.001      0.003     -0.001     -0.023     -0.016
    90   max       0.040       0.001      0.004      0.000      0.048      0.013
    90   min       0.040       0.001      0.003      0.000     -0.025     -0.006
    91   max       0.039       0.000      0.000      0.000      0.013     -0.005
    91   min       0.039       0.000     -0.000      0.000      0.011     -0.005
    92   max       0.041      -0.000      0.000     -0.000      0.013      0.005
    92   min       0.041      -0.000     -0.000     -0.000      0.012      0.005

M O D A L   A N A L Y S I S   R E S U L T S
  Total Mass:  3.646677e-05     Structural Mass:  3.646677e-05 
N O D A L   M A S S E S	(diagonal of the mass matrix)			(global)
  Node  X-mass      Y-mass      Z-mass      X-inrta     Y-inrta     Z-inrta
     1 8.34885e-07 8.38216e-07 8.62590e-07 5.92151e-06 6.25981e-06 1.02121e-05
     2 8.34885e-07 8.38216e-07 8.62590e-07 5.92151e-06 6.25981e-06 1.02121e-05
     3 8.34885e-07 8.38216e-07 8.62590e-07 5.91000e-06 6.25539e-06 1.02121e-05
     4 8.34885e-07 8.38216e-07 8.62590e-07 5.91000e-06 6.25539e-06 1.02121e-05
     5 5.60856e-07 5.63209e-07 5.75585e-07 3.37596e-06 3.58856e-06 5.99678e-06
     6 5.60856e-07 5.63209e-07 5.75585e-07 3.37596e-06 3.58856e-06 5.99678e-06
     7 5.60856e-07 5.63209e-07 5.75585e-07 3.36443e-06 3.58413e-06 5.99678e-06
     8 5.60856e-07 5.63209e-07 5.75585e-07 3.36443e-06 3.58413e-06 5.99678e-06
     9 4.74200e-07 4.55945e-07 4.78107e-07 2.59482e-06 1.61119e-06 3.35533e-06
    10 4.46455e-07 4.65966e-07 4.69378e-07 1.51385e-06 2.65169e-06 3.30295e-06
    11 4.40669e-07 4.59085e-07 4.67255e-07 1.08968e-06 1.25597e-06 1.39377e-06
    12 4.40669e-07 4.59085e-07 4.67255e-07 1.08968e-06 1.25597e-06 1.39377e-06
    13 4.46455e-07 4.65966e-07 4.69378e-07 1.51385e-06 2.65169e-06 3.30295e-06
    14 4.74200e-07 4.55945e-07 4.78107e-07 2.59482e-06 1.61119e-06 3.35533e-06
    15 4.74200e-07 4.55945e-07 4.78107e-07 2.59482e-06 1.61119e-06 3.35533e-06
    16 4.46455e-07 4.65966e-07 4.69378e-07 1.49629e-06 2.64726e-06 3.30292e-06
    17 4.40669e-07 4.59085e-07 4.67255e-07 1.07456e-06 1.25597e-06 1.39377e-06
    18 4.40669e-07 4.59085e-07 4.67255e-07 1.07456e-06 1.25597e-06 1.39377e-06
    19 4.46455e-07 4.65966e-07 4.69378e-07 1.49629e-06 2.64726e-06 3.30292e-06
    20 4.74200e-07 4.55945e-07 4.78107e-07 2.59482e-06 1.61119e-06 3.35533e-06
    21 4.49386e-07 4.21016e-07 4.50512e-07 2.66682e-06 1.58803e-06 3.35322e-06
    22 4.06641e-07 4.36123e-07 4.35870e-07 1.47236e-06 2.68000e-06 3.26407e-06
    23 1.04381e-06 1.03659e-06 1.09140e-06 1.19524e-05 4.09110e-06 1.38093e-05
    24 1.04381e-06 1.03659e-06 1.09140e-06 1.19524e-05 4.09110e-06 1.38093e-05
    25 4.06641e-07 4.36123e-07 4.35870e-07 1.47236e-06 2.68000e-06 3.26407e-06
    26 4.49386e-07 4.21016e-07 4.50512e-07 2.66682e-06 1.58803e-06 3.35322e-06
    27 4.49386e-07 4.21016e-07 4.50512e-07 2.66682e-06 1.58803e-06 3.35322e-06
    28 4.06641e-07 4.36123e-07 4.35870e-07 1.45478e-06 2.67557e-06 3.26407e-06
    29 1.04381e-06 1.03659e-06 1.09140e-06 1.19372e-05 4.09110e-06 1.38093e-05
    30 1.04381e-06 1.03659e-06 1.09140e-06 1.19372e-05 4.09110e-06 1.38093e-05
    31 4.06641e-07 4.36123e-07 4.35870e-07 1.45478e-06 2.67557e-06 3.26407e-06
    32 4.49386e-07 4.21016e-07 4.50512e-07 2.66682e-06 1.58803e-06 3.35322e-06
    33 1.00293e-06 1.01501e-06 1.04739e-06 5.93676e-06 1.16463e-05 1.52955e-05
    34 1.00293e-06 1.01501e-06 1.04739e-06 5.93676e-06 1.16463e-05 1.52955e-05
    35 1.00293e-06 1.01501e-06 1.04739e-06 5.93676e-06 1.16463e-05 1.52955e-05
    36 1.00293e-06 1.01501e-06 1.04739e-06 5.93676e-06 1.16463e-05 1.52955e-05
    37 6.34737e-04 6.34737e-04 6.34737e-04 6.34737e-04 6.34737e-04 6.34737e-04
    38 6.34737e-04 6.34737e-04 6.34737e-04 6.34737e-04 6.34737e-04 6.34737e-04
    39 6.34737e-04 6.34737e-04 6.34737e-04 6.34737e-04 6.34737e-04 6.34737e-04
    40 6.34737e-04 6.34737e-04 6.34737e-04 6.34737e-04 6.34737e-04 6.34737e-04
    41 3.76032e-07 3.38847e-07 3.65561e-07 1.02978e-06 6.70115e-07 8.33705e-07
    42 3.76032e-07 3.38847e-07 3.65561e-07 1.02978e-06 6.70115e-07 8.33705e-07
    43 7.27417e-07 6.92876e-07 7.47200e-07 3.97627e-06 3.41518e-06 6.08390e-06
    44 7.27417e-07 6.92876e-07 7.47200e-07 3.97627e-06 3.41518e-06 6.08390e-06
  Use consistent mass matrix.
N A T U R A L   F R E Q U E N C I E S   & 
M A S S   N O R M A L I Z E D   M O D E   S H A P E S 
 convergence tolerance: 1.000e-06 
  MODE     1:   f= 53.370420 Hz,  T= 0.018737 sec
		X- modal participation factor =  -4.3672e-04 
		Y- modal participation factor =  -1.8675e-11 
		Z- modal participation factor =  -1.0503e-07 
  Node    X-dsp       Y-dsp       Z-dsp       X-rot       Y-rot       Z-rot
     1  -2.824e+01   7.146e-01  -2.823e+02   1.258e-01  -8.776e+00  -6.535e-02
     2  -2.824e+01  -7.132e-01   2.823e+02  -1.258e-01  -8.776e+00  -6.523e-02
     3  -2.832e+01   8.022e-01   2.825e+02   1.313e-01  -8.779e+00   6.896e-02
     4  -2.832e+01  -8.035e-01  -2.825e+02  -1.313e-01  -8.780e+00   6.907e-02
     5   3.115e+01   7.873e-01  -2.823e+02   2.237e-01  -8.707e+00   5.469e-03
     6   3.115e+01  -7.864e-01   2.823e+02  -2.237e-01  -8.707e+00   5.534e-03
     7   3.110e+01   9.152e-01   2.825e+02   2.291e-01  -8.709e+00  -3.127e-03
     8   3.110e+01  -9.161e-01  -2.825e+02  -2.291e-01  -8.710e+00  -3.062e-03
     9  -3.666e+01  -1.404e-01  -1.702e+02   9.373e-02  -9.133e+00   6.021e-03
    10  -3.493e+01  -2.379e+00  -1.117e+02   2.401e-01  -9.196e+00  -1.692e-01
    11  -3.418e+01  -6.264e+00  -4.346e+01   2.765e+00  -7.413e+00  -6.276e-01
    12  -3.418e+01   6.264e+00   4.346e+01  -2.765e+00  -7.413e+00  -6.277e-01
    13  -3.493e+01   2.378e+00   1.117e+02  -2.401e-01  -9.195e+00  -1.692e-01
    14  -3.666e+01   1.404e-01   1.702e+02  -9.369e-02  -9.133e+00   6.068e-03
    15  -3.668e+01  -9.488e-02   1.703e+02   1.005e-01  -9.134e+00  -3.555e-03
    16  -3.496e+01  -2.371e+00   1.118e+02   2.332e-01  -9.197e+00   1.726e-01
    17  -3.422e+01  -6.279e+00   4.352e+01   2.805e+00  -7.418e+00   6.280e-01
    18  -3.422e+01   6.280e+00  -4.353e+01  -2.805e+00  -7.418e+00   6.280e-01
    19  -3.496e+01   2.372e+00  -1.118e+02  -2.332e-01  -9.198e+00   1.726e-01
    20  -3.668e+01   9.487e-02  -1.703e+02  -1.005e-01  -9.134e+00  -3.508e-03
    21   3.206e+01   7.431e-02  -1.705e+02   1.949e-01  -8.768e+00   1.196e-01
    22   2.947e+01   1.740e+00  -1.106e+02   5.424e-01  -8.565e+00  -2.039e-01
    23   2.848e+01  -1.126e+00  -4.524e+01  -2.467e-01  -7.564e+00  -6.408e-02
    24   2.848e+01   1.126e+00   4.524e+01   2.468e-01  -7.564e+00  -6.406e-02
    25   2.947e+01  -1.740e+00   1.106e+02  -5.422e-01  -8.565e+00  -2.039e-01
    26   3.206e+01  -7.416e-02   1.705e+02  -1.947e-01  -8.768e+00   1.196e-01
    27   3.204e+01   1.768e-01   1.705e+02   2.021e-01  -8.769e+00  -1.176e-01
    28   2.944e+01   1.838e+00   1.107e+02   5.621e-01  -8.564e+00   2.053e-01
    29   2.844e+01  -1.059e+00   4.530e+01  -2.474e-01  -7.569e+00   7.041e-02
    30   2.844e+01   1.059e+00  -4.530e+01   2.473e-01  -7.569e+00   7.043e-02
    31   2.944e+01  -1.839e+00  -1.107e+02  -5.623e-01  -8.564e+00   2.053e-01
    32   3.204e+01  -1.770e-01  -1.706e+02  -2.023e-01  -8.769e+00  -1.177e-01
    33  -8.281e+01  -2.202e-01  -1.238e+02  -2.570e-01  -9.234e+00   4.674e-02
    34  -8.281e+01   2.202e-01   1.238e+02   2.569e-01  -9.234e+00   4.683e-02
    35  -8.284e+01  -2.146e-01   1.238e+02  -2.520e-01  -9.236e+00  -4.454e-02
    36  -8.284e+01   2.146e-01  -1.238e+02   2.521e-01  -9.236e+00  -4.446e-02
    37  -9.686e-09  -2.209e-08  -2.570e-07   1.205e-06  -1.054e-06  -8.078e-07
    38  -9.706e-09   2.206e-08   2.570e-07  -1.205e-06  -1.054e-06  -8.078e-07
    39  -9.891e-09  -2.227e-08   2.559e-07   1.202e-06  -1.055e-06   8.097e-07
    40  -9.871e-09   2.229e-08  -2.559e-07  -1.202e-06  -1.055e-06   8.097e-07
    41  -3.728e+01   2.235e-02   1.700e+02   4.102e-03  -8.811e+00   1.375e-03
    42  -3.728e+01  -2.235e-02  -1.700e+02  -4.101e-03  -8.811e+00   1.375e-03
    43   3.042e+01   5.089e-02   1.698e+02   3.878e-03  -8.762e+00   6.004e-04
    44   3.042e+01  -5.089e-02  -1.698e+02  -3.877e-03  -8.762e+00   6.006e-04
  MODE     2:   f= 85.995989 Hz,  T= 0.011628 sec
		X- modal participation factor =  -1.7968e-10 
		Y- modal participation factor =  -4.5765e-04 
		Z- modal participation factor =  -2.9919e-06 
  Node    X-dsp       Y-dsp       Z-dsp       X-rot       Y-rot       Z-rot
     1   5.771e+00  -2.430e+00   3.068e+02  -1.048e+01   1.714e+00   9.588e-01
     2  -5.780e+00  -2.424e+00   3.069e+02  -1.048e+01  -1.716e+00  -9.589e-01
     3   5.807e+00  -2.446e+00  -3.072e+02  -1.048e+01   1.723e+00  -9.625e-01
     4  -5.798e+00  -2.452e+00  -3.071e+02  -1.047e+01  -1.721e+00   9.625e-01
     5  -2.793e+00  -7.317e+01   3.069e+02  -1.052e+01   1.542e+00   6.309e-01
     6   2.795e+00  -7.318e+01   3.070e+02  -1.052e+01  -1.544e+00  -6.310e-01
     7  -2.810e+00  -7.318e+01  -3.072e+02  -1.052e+01   1.548e+00  -6.320e-01
     8   2.807e+00  -7.317e+01  -3.071e+02  -1.052e+01  -1.546e+00   6.319e-01
     9  -6.479e+00   1.870e+01   9.188e+01  -1.054e+01   1.787e+00   9.281e-02
    10   1.545e-01   2.401e+01   1.396e+02  -1.083e+01   2.219e+00   4.576e-01
    11   8.597e-01   2.179e+01   1.207e+02  -1.352e+01   1.255e+00  -2.843e-01
    12  -8.705e-01   2.179e+01   1.207e+02  -1.353e+01  -1.257e+00   2.845e-01
    13  -1.651e-01   2.402e+01   1.396e+02  -1.083e+01  -2.221e+00  -4.573e-01
    14   6.470e+00   1.871e+01   9.190e+01  -1.054e+01  -1.789e+00  -9.329e-02
    15  -6.476e+00   1.871e+01  -9.211e+01  -1.054e+01   1.791e+00  -9.426e-02
    16   1.612e-01   2.407e+01  -1.398e+02  -1.081e+01   2.226e+00  -4.572e-01
    17   8.692e-01   2.182e+01  -1.208e+02  -1.355e+01   1.259e+00   2.873e-01
    18  -8.584e-01   2.181e+01  -1.208e+02  -1.355e+01  -1.257e+00  -2.871e-01
    19  -1.506e-01   2.406e+01  -1.397e+02  -1.081e+01  -2.224e+00   4.575e-01
    20   6.485e+00   1.870e+01  -9.208e+01  -1.053e+01  -1.789e+00   9.379e-02
    21  -1.189e+01  -6.548e+01   9.294e+01  -1.086e+01   9.432e-01  -6.955e-01
    22  -3.694e+00  -7.006e+01   1.364e+02  -1.134e+01   1.980e+00   3.572e-01
    23  -1.388e+00  -6.465e+01   1.204e+02  -9.624e+00   1.933e+00   7.387e-01
    24   1.390e+00  -6.466e+01   1.204e+02  -9.625e+00  -1.935e+00  -7.393e-01
    25   3.696e+00  -7.007e+01   1.365e+02  -1.135e+01  -1.982e+00  -3.574e-01
    26   1.189e+01  -6.549e+01   9.296e+01  -1.087e+01  -9.444e-01   6.957e-01
    27  -1.190e+01  -6.549e+01  -9.317e+01  -1.087e+01   9.459e-01   6.969e-01
    28  -3.704e+00  -7.008e+01  -1.366e+02  -1.137e+01   1.982e+00  -3.552e-01
    29  -1.396e+00  -6.467e+01  -1.205e+02  -9.617e+00   1.939e+00  -7.398e-01
    30   1.395e+00  -6.466e+01  -1.205e+02  -9.616e+00  -1.938e+00   7.392e-01
    31   3.702e+00  -7.007e+01  -1.366e+02  -1.137e+01  -1.980e+00   3.550e-01
    32   1.190e+01  -6.548e+01  -9.315e+01  -1.086e+01  -9.447e-01  -6.967e-01
    33   3.704e+00   7.275e+01   9.145e+01  -9.757e+00   1.719e+00   7.648e-01
    34  -3.722e+00   7.277e+01   9.147e+01  -9.760e+00  -1.721e+00  -7.651e-01
    35   3.728e+00   7.277e+01  -9.166e+01  -9.755e+00   1.723e+00  -7.666e-01
    36  -3.710e+00   7.275e+01  -9.164e+01  -9.752e+00  -1.722e+00   7.664e-01
    37   5.357e-08  -2.727e-08   3.633e-07  -4.068e-06  -7.125e-07  -4.167e-07
    38  -5.361e-08  -2.719e-08   3.633e-07  -4.068e-06   7.122e-07   4.163e-07
    39   5.286e-08  -2.599e-08  -3.637e-07  -4.070e-06  -7.136e-07   4.164e-07
    40  -5.283e-08  -2.607e-08  -3.636e-07  -4.070e-06   7.139e-07  -4.168e-07
    41  -3.534e-03   1.846e+01  -1.063e-01  -1.018e+01   2.047e-04   1.023e+00
    42   3.600e-03   1.845e+01  -1.064e-01  -1.018e+01  -2.038e-04  -1.024e+00
    43   2.927e-04  -6.508e+01  -1.063e-01  -9.821e+00   1.040e-03   1.183e+00
    44  -2.656e-04  -6.507e+01  -1.063e-01  -9.818e+00  -1.040e-03  -1.182e+00
  MODE     3:   f= 103.076040 Hz,  T= 0.009702 sec
		X- modal participation factor =  -3.4326e-07 
		Y- modal participation factor =   3.4585e-08 
		Z- modal participation factor =   3.5012e-09 
  Node    X-dsp       Y-dsp       Z-dsp       X-rot       Y-rot       Z-rot
     1  -1.771e+02   2.455e+02  -1.664e+01  -3.469e-01  -1.718e+00  -8.010e+00
     2  -1.771e+02  -2.455e+02   1.664e+01   3.469e-01  -1.717e+00  -8.010e+00
     3   1.771e+02  -2.455e+02  -1.649e+01   3.535e-01   1.720e+00  -8.014e+00
     4   1.771e+02   2.455e+02   1.650e+01  -3.534e-01   1.720e+00  -8.014e+00
     5  -1.644e+02   2.423e+02  -1.666e+01  -2.286e-01  -1.623e+00  -7.789e+00
     6  -1.644e+02  -2.422e+02   1.666e+01   2.287e-01  -1.623e+00  -7.789e+00
     7   1.643e+02  -2.422e+02  -1.652e+01   2.426e-01   1.628e+00  -7.787e+00
     8   1.643e+02   2.422e+02   1.652e+01  -2.425e-01   1.628e+00  -7.787e+00
     9  -3.974e+01   1.478e+02  -8.253e-01   6.409e-01  -3.693e-01  -6.582e+00
    10  -8.076e+01   9.092e+01   9.121e+00  -6.436e-01  -1.163e+00  -9.411e+00
    11  -7.888e+01   1.068e+01   9.525e+00   7.964e-01   5.516e-01  -7.117e+00
    12  -7.888e+01  -1.068e+01  -9.527e+00  -7.962e-01   5.516e-01  -7.117e+00
    13  -8.076e+01  -9.092e+01  -9.122e+00   6.436e-01  -1.163e+00  -9.411e+00
    14  -3.974e+01  -1.478e+02   8.241e-01  -6.408e-01  -3.693e-01  -6.582e+00
    15   3.970e+01  -1.478e+02  -7.690e-01  -6.399e-01   3.636e-01  -6.583e+00
    16   8.072e+01  -9.089e+01   9.186e+00   6.562e-01   1.158e+00  -9.410e+00
    17   7.883e+01  -1.067e+01   9.532e+00  -8.081e-01  -5.560e-01  -7.113e+00
    18   7.883e+01   1.067e+01  -9.530e+00   8.084e-01  -5.560e-01  -7.113e+00
    19   8.072e+01   9.089e+01  -9.184e+00  -6.562e-01   1.158e+00  -9.410e+00
    20   3.970e+01   1.478e+02   7.702e-01   6.400e-01   3.634e-01  -6.583e+00
    21  -3.474e+01   1.488e+02  -6.459e-01   1.754e-01  -7.238e-01  -5.241e+00
    22  -8.034e+01   1.129e+02   1.019e+01   2.679e+00  -1.490e-01  -6.418e+00
    23  -7.938e+01   6.583e+01   9.783e+00   1.059e+00   8.173e-01  -7.702e+00
    24  -7.938e+01  -6.583e+01  -9.785e+00  -1.059e+00   8.173e-01  -7.702e+00
    25  -8.034e+01  -1.129e+02  -1.019e+01  -2.679e+00  -1.490e-01  -6.418e+00
    26  -3.474e+01  -1.488e+02   6.448e-01  -1.752e-01  -7.238e-01  -5.241e+00
    27   3.475e+01  -1.488e+02  -5.898e-01  -1.746e-01   7.206e-01  -5.239e+00
    28   8.036e+01  -1.129e+02   1.026e+01  -2.720e+00   1.337e-01  -6.417e+00
    29   7.939e+01  -6.584e+01   9.790e+00  -1.064e+00  -8.204e-01  -7.704e+00
    30   7.939e+01   6.584e+01  -9.787e+00   1.064e+00  -8.204e-01  -7.704e+00
    31   8.036e+01   1.129e+02  -1.025e+01   2.721e+00   1.337e-01  -6.417e+00
    32   3.475e+01   1.488e+02   5.909e-01   1.747e-01   7.206e-01  -5.240e+00
    33  -4.884e+01   1.066e+02   5.826e-01  -2.565e-01  -7.688e-01  -7.019e+00
    34  -4.884e+01  -1.066e+02  -5.839e-01   2.566e-01  -7.687e-01  -7.019e+00
    35   4.877e+01  -1.066e+02   6.143e-01   2.599e-01   7.646e-01  -7.020e+00
    36   4.877e+01   1.066e+02  -6.118e-01  -2.598e-01   7.645e-01  -7.020e+00
    37  -6.493e-07   1.062e-06   1.069e-07  -5.520e-07   1.474e-07  -2.991e-06
    38  -6.492e-07  -1.062e-06  -1.069e-07   5.521e-07   1.474e-07  -2.991e-06
    39   6.492e-07  -1.062e-06   1.075e-07   5.537e-07  -1.480e-07  -2.990e-06
    40   6.492e-07   1.062e-06  -1.075e-07  -5.536e-07  -1.481e-07  -2.990e-06
    41  -2.118e-02  -1.480e+02   2.659e-02   7.299e-02  -3.626e-03  -3.639e+00
    42  -2.013e-02   1.480e+02  -2.660e-02  -7.288e-02  -3.659e-03  -3.639e+00
    43   9.061e-03  -1.470e+02   2.702e-02   3.457e-01  -1.345e-03  -3.673e+00
    44   9.592e-03   1.470e+02  -2.701e-02  -3.456e-01  -1.354e-03  -3.673e+00
  MODE     4:   f= 108.124248 Hz,  T= 0.009249 sec
		X- modal participation factor =   5.2104e-07 
		Y- modal participation factor =  -5.4738e-08 
		Z- modal participation factor =  -3.1680e-09 
  Node    X-dsp       Y-dsp       Z-dsp       X-rot       Y-rot       Z-rot
     1   2.045e+01   3.537e+01   3.470e+02  -9.364e+00   6.188e+00  -4.168e-01
     2   2.044e+01  -3.537e+01  -3.469e+02   9.361e+00   6.188e+00  -4.173e-01
     3  -2.032e+01  -3.544e+01   3.468e+02   9.377e+00  -6.172e+00  -4.265e-01
     4  -2.032e+01   3.544e+01  -3.469e+02  -9.380e+00  -6.172e+00  -4.261e-01
     5  -1.733e+01  -2.541e+01   3.471e+02  -9.221e+00   5.983e+00  -5.473e-01
     6  -1.733e+01   2.539e+01  -3.470e+02   9.217e+00   5.983e+00  -5.476e-01
     7   1.732e+01   2.544e+01   3.469e+02   9.241e+00  -5.959e+00  -5.514e-01
     8   1.732e+01  -2.546e+01  -3.470e+02  -9.244e+00  -5.959e+00  -5.512e-01
     9   3.135e+01   4.381e+01   8.986e+01  -9.232e+00   5.738e+00   1.342e+00
    10   3.277e+01   3.757e+01   1.090e+02  -9.197e+00   6.511e+00  -1.995e+00
    11   3.326e+01   1.094e+01   5.144e+01  -5.362e+00   7.288e+00  -1.110e+00
    12   3.326e+01  -1.093e+01  -5.141e+01   5.358e+00   7.288e+00  -1.110e+00
    13   3.277e+01  -3.756e+01  -1.089e+02   9.194e+00   6.511e+00  -1.995e+00
    14   3.135e+01  -4.380e+01  -8.983e+01   9.228e+00   5.737e+00   1.342e+00
    15  -3.132e+01  -4.380e+01   8.966e+01   9.233e+00  -5.732e+00   1.340e+00
    16  -3.273e+01  -3.752e+01   1.089e+02   9.228e+00  -6.502e+00  -1.993e+00
    17  -3.323e+01  -1.093e+01   5.141e+01   5.382e+00  -7.284e+00  -1.109e+00
    18  -3.323e+01   1.094e+01  -5.145e+01  -5.385e+00  -7.284e+00  -1.110e+00
    19  -3.273e+01   3.753e+01  -1.089e+02  -9.231e+00  -6.503e+00  -1.993e+00
    20  -3.132e+01   4.381e+01  -8.969e+01  -9.236e+00  -5.732e+00   1.340e+00
    21  -1.083e+01  -2.791e+01   8.880e+01  -1.050e+01   4.205e+00  -7.336e-01
    22  -1.013e+01  -3.415e+01   1.061e+02  -7.373e+00   7.293e+00   4.434e-01
    23  -7.546e+00  -2.384e+01   5.065e+01  -3.341e+00   6.196e+00   1.812e+00
    24  -7.546e+00   2.383e+01  -5.062e+01   3.338e+00   6.196e+00   1.812e+00
    25  -1.013e+01   3.413e+01  -1.060e+02   7.369e+00   7.293e+00   4.432e-01
    26  -1.082e+01   2.790e+01  -8.877e+01   1.049e+01   4.205e+00  -7.333e-01
    27   1.084e+01   2.790e+01   8.860e+01   1.050e+01  -4.199e+00  -7.359e-01
    28   1.011e+01   3.424e+01   1.060e+02   7.421e+00  -7.283e+00   4.495e-01
    29   7.522e+00   2.384e+01   5.061e+01   3.350e+00  -6.191e+00   1.817e+00
    30   7.523e+00  -2.386e+01  -5.065e+01  -3.353e+00  -6.192e+00   1.817e+00
    31   1.011e+01  -3.426e+01  -1.060e+02  -7.424e+00  -7.283e+00   4.496e-01
    32   1.084e+01  -2.792e+01  -8.862e+01  -1.050e+01  -4.199e+00  -7.362e-01
    33   6.287e+01   8.517e+01   6.801e+01  -7.878e+00   5.492e+00   4.954e-01
    34   6.287e+01  -8.514e+01  -6.799e+01   7.875e+00   5.492e+00   4.951e-01
    35  -6.280e+01  -8.516e+01   6.785e+01   7.881e+00  -5.485e+00   4.929e-01
    36  -6.280e+01   8.518e+01  -6.788e+01  -7.883e+00  -5.486e+00   4.931e-01
    37   8.635e-08   2.949e-07   1.794e-07  -1.081e-06   9.272e-07   1.213e-06
    38   8.632e-08  -2.949e-07  -1.793e-07   1.080e-06   9.274e-07   1.213e-06
    39  -8.623e-08  -2.947e-07   1.785e-07   1.078e-06  -9.264e-07   1.211e-06
    40  -8.626e-08   2.947e-07  -1.786e-07  -1.079e-06  -9.262e-07   1.211e-06
    41   1.142e-02  -4.496e+01  -9.476e-02   9.985e+00   2.422e-03   3.840e+00
    42   1.095e-02   4.497e+01   9.448e-02  -9.988e+00   2.451e-03   3.840e+00
    43  -1.247e-02   2.595e+01  -9.527e-02   8.859e+00   3.490e-03  -1.239e+00
    44  -1.277e-02  -2.597e+01   9.497e-02  -8.862e+00   3.505e-03  -1.239e+00
M A T R I X    I T E R A T I O N S: 5
There are 4 modes below 108.124248 Hz. ... All 4 modes were found.

