________________________________________________________________________________
Frame3DD version: 20140514+               http://frame3dd.sf.net/
GPL Copyright (C) 1992-2015, Henri P. Gavin 
Frame3DD is distributed in the hope that it will be useful but with no warranty.
For details see the GNU Public Licence: http://www.fsf.org/copyleft/gpl.html
________________________________________________________________________________

 
Sun May  8 21:35:36 2016
________________________________________________________________________________
In 2D problems the Y-axis is vertical.  In 3D problems the Z-axis is vertical.
________________________________________________________________________________
   36 NODES              4 FIXED NODES       64 FRAME ELEMENTS   1 LOAD CASES   
________________________________________________________________________________
N O D E   D A T A                                           R E S T R A I N T S
  Node       X              Y              Z         radius  Fx Fy Fz Mx My Mz
    1     -31.938000     -26.375000       4.000000    0.000   0  0  0  0  0  0
    2      31.938000     -26.375000       4.000000    0.000   0  0  0  0  0  0
    3      31.938000      26.375000       4.000000    0.000   0  0  0  0  0  0
    4     -31.938000      26.375000       4.000000    0.000   0  0  0  0  0  0
    5     -31.938000     -26.375000      -4.000000    0.000   0  0  0  0  0  0
    6      31.938000     -26.375000      -4.000000    0.000   0  0  0  0  0  0
    7      31.938000      26.375000      -4.000000    0.000   0  0  0  0  0  0
    8     -31.938000      26.375000      -4.000000    0.000   0  0  0  0  0  0
    9     -20.000000      -9.000000       6.000000    0.000   0  0  0  0  0  0
   10     -15.000000     -15.250000       6.000000    0.000   0  0  0  0  0  0
   11      -6.000000     -15.250000       6.000000    0.000   1  1  1  1  1  1
   12       6.000000     -15.250000       6.000000    0.000   1  1  1  1  1  1
   13      15.000000     -15.250000       6.000000    0.000   0  0  0  0  0  0
   14      20.000000      -9.000000       6.000000    0.000   0  0  0  0  0  0
   15      20.000000       9.000000       6.000000    0.000   0  0  0  0  0  0
   16      15.000000      15.250000       6.000000    0.000   0  0  0  0  0  0
   17       6.000000      15.250000       6.000000    0.000   1  1  1  1  1  1
   18      -6.000000      15.250000       6.000000    0.000   1  1  1  1  1  1
   19     -15.000000      15.250000       6.000000    0.000   0  0  0  0  0  0
   20     -20.000000       9.000000       6.000000    0.000   0  0  0  0  0  0
   21     -20.000000      -9.000000      -6.000000    0.000   0  0  0  0  0  0
   22     -15.000000     -15.250000      -6.000000    0.000   0  0  0  0  0  0
   23      -6.000000     -15.250000      -6.000000    0.000   0  0  0  0  0  0
   24       6.000000     -15.250000      -6.000000    0.000   0  0  0  0  0  0
   25      15.000000     -15.250000      -6.000000    0.000   0  0  0  0  0  0
   26      20.000000      -9.000000      -6.000000    0.000   0  0  0  0  0  0
   27      20.000000       9.000000      -6.000000    0.000   0  0  0  0  0  0
   28      15.000000      15.250000      -6.000000    0.000   0  0  0  0  0  0
   29       6.000000      15.250000      -6.000000    0.000   0  0  0  0  0  0
   30      -6.000000      15.250000      -6.000000    0.000   0  0  0  0  0  0
   31     -15.000000      15.250000      -6.000000    0.000   0  0  0  0  0  0
   32     -20.000000       9.000000      -6.000000    0.000   0  0  0  0  0  0
   33     -15.000000     -10.000000      10.000000    0.000   0  0  0  0  0  0
   34      15.000000     -10.000000      10.000000    0.000   0  0  0  0  0  0
   35      15.000000      10.000000      10.000000    0.000   0  0  0  0  0  0
   36     -15.000000      10.000000      10.000000    0.000   0  0  0  0  0  0
F R A M E   E L E M E N T   D A T A					(local)
  Elmnt  J1    J2     Ax   Asy   Asz    Jxx     Iyy     Izz       E       G roll  density
    1     1     5    0.1   0.1   0.1    0.2     0.1     0.1  10000.0  3770.0   0 2.52e-07
    2     2     6    0.1   0.1   0.1    0.2     0.1     0.1  10000.0  3770.0   0 2.52e-07
    3     3     7    0.1   0.1   0.1    0.2     0.1     0.1  10000.0  3770.0   0 2.52e-07
    4     4     8    0.1   0.1   0.1    0.2     0.1     0.1  10000.0  3770.0   0 2.52e-07
    5     1    10    0.1   0.1   0.1    0.2     0.1     0.1  10000.0  3770.0   0 2.52e-07
    6    10    11    0.1   0.1   0.1    0.2     0.1     0.1  10000.0  3770.0   0 2.52e-07
    7    11    12    0.1   0.1   0.1    0.2     0.1     0.1  10000.0  3770.0   0 2.52e-07
    8    12    13    0.1   0.1   0.1    0.2     0.1     0.1  10000.0  3770.0   0 2.52e-07
    9    13     2    0.1   0.1   0.1    0.2     0.1     0.1  10000.0  3770.0   0 2.52e-07
   10     2    14    0.1   0.1   0.1    0.2     0.1     0.1  10000.0  3770.0   0 2.52e-07
   11    14    15    0.1   0.1   0.1    0.2     0.1     0.1  10000.0  3770.0   0 2.52e-07
   12    15     3    0.1   0.1   0.1    0.2     0.1     0.1  10000.0  3770.0   0 2.52e-07
   13     3    16    0.1   0.1   0.1    0.2     0.1     0.1  10000.0  3770.0   0 2.52e-07
   14    16    17    0.1   0.1   0.1    0.2     0.1     0.1  10000.0  3770.0   0 2.52e-07
   15    17    18    0.1   0.1   0.1    0.2     0.1     0.1  10000.0  3770.0   0 2.52e-07
   16    18    19    0.1   0.1   0.1    0.2     0.1     0.1  10000.0  3770.0   0 2.52e-07
   17    19     4    0.1   0.1   0.1    0.2     0.1     0.1  10000.0  3770.0   0 2.52e-07
   18     4    20    0.1   0.1   0.1    0.2     0.1     0.1  10000.0  3770.0   0 2.52e-07
   19    20     9    0.1   0.1   0.1    0.2     0.1     0.1  10000.0  3770.0   0 2.52e-07
   20     9     1    0.1   0.1   0.1    0.2     0.1     0.1  10000.0  3770.0   0 2.52e-07
   21     5    22    0.1   0.1   0.1    0.2     0.1     0.1  10000.0  3770.0   0 2.52e-07
   22    22    23    0.1   0.1   0.1    0.2     0.1     0.1  10000.0  3770.0   0 2.52e-07
   23    23    24    0.1   0.1   0.1    0.2     0.1     0.1  10000.0  3770.0   0 2.52e-07
   24    24    25    0.1   0.1   0.1    0.2     0.1     0.1  10000.0  3770.0   0 2.52e-07
   25    25     6    0.1   0.1   0.1    0.2     0.1     0.1  10000.0  3770.0   0 2.52e-07
   26     6    26    0.1   0.1   0.1    0.2     0.1     0.1  10000.0  3770.0   0 2.52e-07
   27    26    27    0.1   0.1   0.1    0.2     0.1     0.1  10000.0  3770.0   0 2.52e-07
   28    27     7    0.1   0.1   0.1    0.2     0.1     0.1  10000.0  3770.0   0 2.52e-07
   29     7    28    0.1   0.1   0.1    0.2     0.1     0.1  10000.0  3770.0   0 2.52e-07
   30    28    29    0.1   0.1   0.1    0.2     0.1     0.1  10000.0  3770.0   0 2.52e-07
   31    29    30    0.1   0.1   0.1    0.2     0.1     0.1  10000.0  3770.0   0 2.52e-07
   32    30    31    0.1   0.1   0.1    0.2     0.1     0.1  10000.0  3770.0   0 2.52e-07
   33    31     8    0.1   0.1   0.1    0.2     0.1     0.1  10000.0  3770.0   0 2.52e-07
   34     8    32    0.1   0.1   0.1    0.2     0.1     0.1  10000.0  3770.0   0 2.52e-07
   35    32    21    0.1   0.1   0.1    0.2     0.1     0.1  10000.0  3770.0   0 2.52e-07
   36    21     5    0.1   0.1   0.1    0.2     0.1     0.1  10000.0  3770.0   0 2.52e-07
   37    33    34    0.1   0.1   0.1    0.2     0.1     0.1  10000.0  3770.0   0 2.52e-07
   38    34    35    0.1   0.1   0.1    0.2     0.1     0.1  10000.0  3770.0   0 2.52e-07
   39    35    36    0.1   0.1   0.1    0.2     0.1     0.1  10000.0  3770.0   0 2.52e-07
   40    36    33    0.1   0.1   0.1    0.2     0.1     0.1  10000.0  3770.0   0 2.52e-07
   41    33     1    0.1   0.1   0.1    0.2     0.1     0.1  10000.0  3770.0   0 2.52e-07
   42    33     9    0.1   0.1   0.1    0.2     0.1     0.1  10000.0  3770.0   0 2.52e-07
   43    33    10    0.1   0.1   0.1    0.2     0.1     0.1  10000.0  3770.0   0 2.52e-07
   44    34     2    0.1   0.1   0.1    0.2     0.1     0.1  10000.0  3770.0   0 2.52e-07
   45    34    13    0.1   0.1   0.1    0.2     0.1     0.1  10000.0  3770.0   0 2.52e-07
   46    34    14    0.1   0.1   0.1    0.2     0.1     0.1  10000.0  3770.0   0 2.52e-07
   47    35     3    0.1   0.1   0.1    0.2     0.1     0.1  10000.0  3770.0   0 2.52e-07
   48    35    15    0.1   0.1   0.1    0.2     0.1     0.1  10000.0  3770.0   0 2.52e-07
   49    35    16    0.1   0.1   0.1    0.2     0.1     0.1  10000.0  3770.0   0 2.52e-07
   50    36     4    0.1   0.1   0.1    0.2     0.1     0.1  10000.0  3770.0   0 2.52e-07
   51    36    19    0.1   0.1   0.1    0.2     0.1     0.1  10000.0  3770.0   0 2.52e-07
   52    36    20    0.1   0.1   0.1    0.2     0.1     0.1  10000.0  3770.0   0 2.52e-07
   53    14    27    0.1   0.1   0.1    0.2     0.1     0.1  10000.0  3770.0   0 2.52e-07
   54    15    26    0.1   0.1   0.1    0.2     0.1     0.1  10000.0  3770.0   0 2.52e-07
   55    20    21    0.1   0.1   0.1    0.2     0.1     0.1  10000.0  3770.0   0 2.52e-07
   56     9    32    0.1   0.1   0.1    0.2     0.1     0.1  10000.0  3770.0   0 2.52e-07
   57    10    23    0.1   0.1   0.1    0.2     0.1     0.1  10000.0  3770.0   0 2.52e-07
   58    11    22    0.1   0.1   0.1    0.2     0.1     0.1  10000.0  3770.0   0 2.52e-07
   59    12    25    0.1   0.1   0.1    0.2     0.1     0.1  10000.0  3770.0   0 2.52e-07
   60    13    24    0.1   0.1   0.1    0.2     0.1     0.1  10000.0  3770.0   0 2.52e-07
   61    16    29    0.1   0.1   0.1    0.2     0.1     0.1  10000.0  3770.0   0 2.52e-07
   62    17    28    0.1   0.1   0.1    0.2     0.1     0.1  10000.0  3770.0   0 2.52e-07
   63    18    31    0.1   0.1   0.1    0.2     0.1     0.1  10000.0  3770.0   0 2.52e-07
   64    19    30    0.1   0.1   0.1    0.2     0.1     0.1  10000.0  3770.0   0 2.52e-07
  Include shear deformations.
  Include geometric stiffness.

L O A D   C A S E   1   O F   1  ... 

   Gravity X =  0.0    Gravity Y =  0.0    Gravity Z =  -386.400 
   4 concentrated loads
   0 uniformly distributed loads
   0 trapezoidally distributed loads
   0 concentrated point loads
   0 temperature loads
   0 prescribed displacements
 N O D A L   L O A D S  +  E Q U I V A L E N T   N O D A L   L O A D S  (global)
  Node        Fx          Fy          Fz          Mxx         Myy         Mzz
     1       0.049       0.038       0.063      -0.001       0.001       0.000
     2      -0.046       0.041       0.063      -0.001      -0.001       0.000
     3      -0.046      -0.041       0.063       0.001      -0.001       0.000
     4       0.049      -0.038       0.063       0.001       0.001       0.000
     5       0.000       0.000      -0.000      -0.001       0.001       0.000
     6       0.000       0.000      -0.000      -0.001      -0.001       0.000
     7       0.000       0.000      -0.000       0.001      -0.001       0.000
     8       0.000       0.000      -0.000       0.001       0.001       0.000
     9       0.000       0.000      -0.000      -0.000      -0.000       0.000
    10       0.000       0.000      -0.000       0.000      -0.000       0.000
    11       0.000       0.000      -0.000       0.000      -0.000       0.000
    12       0.000       0.000      -0.000       0.000       0.000       0.000
    13       0.000       0.000      -0.000       0.000       0.000       0.000
    14       0.000       0.000      -0.000      -0.000       0.000       0.000
    15       0.000       0.000      -0.000       0.000       0.000       0.000
    16       0.000       0.000      -0.000      -0.000       0.000       0.000
    17       0.000       0.000      -0.000       0.000       0.000       0.000
    18       0.000       0.000      -0.000       0.000      -0.000       0.000
    19       0.000       0.000      -0.000      -0.000      -0.000       0.000
    20       0.000       0.000      -0.000       0.000      -0.000       0.000
    21       0.000       0.000      -0.000      -0.000      -0.000       0.000
    22       0.000       0.000      -0.000       0.000      -0.000       0.000
    23       0.000       0.000      -0.000       0.000      -0.000       0.000
    24       0.000       0.000      -0.000       0.000       0.000       0.000
    25       0.000       0.000      -0.000       0.000       0.000       0.000
    26       0.000       0.000      -0.000      -0.000       0.000       0.000
    27       0.000       0.000      -0.000       0.000       0.000       0.000
    28       0.000       0.000      -0.000      -0.000       0.000       0.000
    29       0.000       0.000      -0.000       0.000       0.000       0.000
    30       0.000       0.000      -0.000       0.000      -0.000       0.000
    31       0.000       0.000      -0.000      -0.000      -0.000       0.000
    32       0.000       0.000      -0.000       0.000      -0.000       0.000
    33       0.000       0.000      -0.001       0.000       0.000       0.000
    34       0.000       0.000      -0.001       0.000      -0.000       0.000
    35       0.000       0.000      -0.001      -0.000      -0.000       0.000
    36       0.000       0.000      -0.001      -0.000       0.000       0.000

E L A S T I C   S T I F F N E S S   A N A L Y S I S   via  L D L'  decomposition


L O A D   C A S E   1   O F   1  ... 

N O D E   D I S P L A C E M E N T S  					(global)
  Node    X-dsp       Y-dsp       Z-dsp       X-rot       Y-rot       Z-rot
     1    0.001971   -0.004918    0.022489   -0.000338    0.000592    0.000357
     2   -0.001029   -0.003758    0.022613   -0.000362   -0.000572   -0.000258
     3   -0.001028    0.003763    0.022641    0.000362   -0.000574    0.000258
     4    0.001971    0.004923    0.022515    0.000338    0.000594   -0.000357
     5   -0.000599   -0.006257    0.022362   -0.000361    0.000504    0.000291
     6    0.001334   -0.005330    0.022484   -0.000391   -0.000481   -0.000206
     7    0.001355    0.005325    0.022512    0.000389   -0.000485    0.000205
     8   -0.000621    0.006249    0.022388    0.000358    0.000508   -0.000289
     9   -0.002221   -0.000150    0.007463   -0.000082    0.000822    0.000118
    10    0.000165    0.000315    0.003867   -0.000265    0.000494    0.000097
    13   -0.000145    0.000275    0.003945   -0.000264   -0.000508   -0.000070
    14    0.001814   -0.000085    0.007414   -0.000096   -0.000800   -0.000086
    15    0.001816    0.000085    0.007416    0.000097   -0.000801    0.000086
    16   -0.000145   -0.000273    0.003951    0.000266   -0.000508    0.000070
    19    0.000164   -0.000313    0.003872    0.000267    0.000494   -0.000097
    20   -0.002223    0.000150    0.007465    0.000082    0.000823   -0.000118
    21   -0.011567   -0.000123    0.008019   -0.000118    0.000956    0.000329
    22   -0.000754   -0.008704    0.001227   -0.001077    0.000100    0.000025
    23   -0.000332   -0.008017    0.003046   -0.000946   -0.000189    0.000034
    24    0.000443   -0.008071    0.003060   -0.000944    0.000184   -0.000038
    25    0.000866   -0.008713    0.001305   -0.001085   -0.000108   -0.000009
    26    0.011015   -0.000120    0.007881   -0.000126   -0.000944   -0.000295
    27    0.011019    0.000128    0.007891    0.000127   -0.000945    0.000295
    28    0.000866    0.008744    0.001304    0.001092   -0.000106    0.000008
    29    0.000443    0.008108    0.003067    0.000947    0.000185    0.000037
    30   -0.000331    0.008054    0.003052    0.000949   -0.000189   -0.000034
    31   -0.000753    0.008736    0.001225    0.001084    0.000099   -0.000024
    32   -0.011571    0.000129    0.008028    0.000119    0.000957   -0.000328
    33    0.000848    0.000517    0.003793   -0.000036    0.000593    0.000168
    34   -0.001118    0.000495    0.003856   -0.000045   -0.000590   -0.000135
    35   -0.001119   -0.000498    0.003855    0.000045   -0.000591    0.000136
    36    0.000848   -0.000520    0.003792    0.000037    0.000593   -0.000169
F R A M E   E L E M E N T   E N D   F O R C E S				(local)
  Elmnt  Node       Nx          Vy         Vz        Txx        Myy        Mzz
     1      1     -0.020t     -0.028     -0.035     -0.008      0.153     -0.109
     1      5      0.020t      0.028      0.035      0.008      0.126     -0.116
     2      2     -0.020t     -0.028      0.036      0.006     -0.156     -0.107
     2      6      0.020t      0.028     -0.036     -0.006     -0.129     -0.116
     3      3     -0.020t      0.028      0.036     -0.006     -0.156      0.107
     3      7      0.020t     -0.028     -0.036      0.006     -0.129      0.115
     4      4     -0.020t      0.028     -0.035      0.008      0.153      0.109
     4      8      0.020t     -0.028      0.035     -0.008      0.127      0.116
     5      1      0.029c     -0.001      0.010      0.001     -0.092      0.001
     5     10     -0.029c      0.001     -0.010     -0.001     -0.106     -0.030
     6     10      0.023c      0.011      0.024     -0.027     -0.041      0.062
     6     11     -0.023c     -0.011     -0.024      0.027     -0.174      0.036
     7     11      0.0         0.0        0.0        0.0       -0.000      0.0  
     7     12      0.0         0.0        0.0        0.0        0.000      0.0  
     8     12      0.020c     -0.009     -0.024      0.027      0.177     -0.029
     8     13     -0.020c      0.009      0.024     -0.027      0.040     -0.048
     9     13      0.023c      0.001     -0.010      0.001      0.105      0.021
     9      2     -0.023c     -0.001      0.010     -0.001      0.093     -0.002
    10      2      0.001c      0.002      0.004      0.013     -0.042      0.014
    10     14     -0.001c     -0.002     -0.004     -0.013     -0.051      0.037
    11     14     -0.012t      0.0        0.000      0.0        0.013     -0.012
    11     15      0.012t      0.0        0.000      0.0       -0.013      0.012
    12     15      0.001c     -0.002     -0.004     -0.013      0.051     -0.037
    12      3     -0.001c      0.002      0.005      0.013      0.042     -0.014
    13      3      0.023c     -0.001      0.010     -0.001     -0.093      0.001
    13     16     -0.023c      0.001     -0.010      0.001     -0.105     -0.021
    14     16      0.020c      0.009      0.024     -0.026     -0.040      0.048
    14     17     -0.020c     -0.009     -0.024      0.026     -0.177      0.029
    15     17      0.0         0.0        0.0        0.0       -0.000      0.0  
    15     18      0.0         0.0        0.0        0.0        0.000      0.0  
    16     18      0.023c     -0.011     -0.024      0.026      0.174     -0.036
    16     19     -0.023c      0.011      0.024     -0.026      0.041     -0.062
    17     19      0.029c      0.001     -0.010     -0.001      0.106      0.030
    17      4     -0.029c     -0.001      0.010      0.001      0.092     -0.001
    18      4     -0.008t      0.003      0.004      0.013     -0.041      0.016
    18     20      0.008t     -0.003     -0.004     -0.013     -0.049      0.047
    19     20     -0.021t      0.0        0.000      0.0        0.011     -0.016
    19      9      0.021t      0.0        0.000      0.0       -0.011      0.016
    20      9     -0.008t     -0.003     -0.004     -0.013      0.049     -0.047
    20      1      0.008t      0.003      0.004      0.013      0.041     -0.016
    21      5     -0.038t      0.007      0.013      0.036     -0.135      0.091
    21     22      0.038t     -0.007     -0.013     -0.036     -0.127      0.050
    22     22     -0.059t     -0.006     -0.021     -0.013      0.132     -0.029
    22     23      0.059t      0.006      0.021      0.013      0.054     -0.026
    23     23     -0.081t      0.000      0.000     -0.000     -0.039      0.009
    23     24      0.081t     -0.000      0.0        0.000      0.037     -0.006
    24     24     -0.059t      0.006      0.021      0.014     -0.053      0.024
    24     25      0.059t     -0.006     -0.020     -0.014     -0.132      0.032
    25     25     -0.038t     -0.007     -0.013     -0.034      0.126     -0.055
    25      6      0.039t      0.007      0.013      0.034      0.135     -0.088
    26      6     -0.012t      0.007      0.002      0.022     -0.027      0.080
    26     26      0.012t     -0.007     -0.002     -0.022     -0.021      0.065
    27     26     -0.017t      0.0        0.000      0.0        0.017     -0.040
    27     27      0.017t      0.0        0.000      0.0       -0.017      0.040
    28     27     -0.012t     -0.007     -0.002     -0.022      0.021     -0.064
    28      7      0.012t      0.007      0.002      0.022      0.027     -0.080
    29      7     -0.039t      0.007      0.013      0.033     -0.135      0.088
    29     28      0.038t     -0.007     -0.013     -0.033     -0.126      0.055
    30     28     -0.059t     -0.006     -0.020     -0.014      0.131     -0.032
    30     29      0.059t      0.006      0.021      0.014      0.053     -0.024
    31     29     -0.081t     -0.000      0.0        0.000     -0.037      0.006
    31     30      0.081t      0.000      0.000     -0.000      0.039     -0.009
    32     30     -0.059t      0.006      0.021      0.013     -0.054      0.026
    32     31      0.059t     -0.006     -0.021     -0.013     -0.132      0.029
    33     31     -0.038t     -0.007     -0.013     -0.035      0.127     -0.050
    33      8      0.038t      0.007      0.013      0.035      0.135     -0.091
    34      8     -0.012t      0.007      0.002      0.021     -0.026      0.082
    34     32      0.012t     -0.007     -0.002     -0.021     -0.018      0.072
    35     32     -0.018t      0.0        0.000      0.0        0.016     -0.044
    35     21      0.018t      0.0        0.000      0.0       -0.016      0.044
    36     21     -0.012t     -0.007     -0.002     -0.021      0.018     -0.072
    36      5      0.012t      0.007      0.002      0.021      0.026     -0.082
    37     33      0.083c      0.000      0.000      0.000      0.048      0.016
    37     34     -0.083c     -0.000      0.000     -0.000     -0.046     -0.008
    38     34      0.063c      0.0        0.000      0.0        0.005     -0.016
    38     35     -0.063c      0.0        0.000      0.0       -0.005      0.016
    39     35      0.083c     -0.000      0.000     -0.000      0.046      0.008
    39     36     -0.083c      0.000      0.000      0.000     -0.048     -0.016
    40     36      0.065c      0.0        0.000      0.0        0.004     -0.020
    40     33     -0.065c      0.0        0.000      0.0       -0.004      0.020
    41     33      0.090c     -0.000     -0.005     -0.006      0.072     -0.014
    41      1     -0.090c      0.000      0.005      0.006      0.053      0.010
    42     33      0.0         0.008     -0.007     -0.014      0.065      0.023
    42      9      0.0        -0.008      0.008      0.014     -0.016      0.029
    43     33     -0.022t     -0.024      0.024     -0.017     -0.038     -0.079
    43     10      0.022t      0.024     -0.024      0.017     -0.122     -0.077
    44     34      0.088c      0.0       -0.005      0.008      0.072      0.008
    44      2     -0.088c      0.0        0.005     -0.008      0.053     -0.010
    45     34     -0.023t      0.020      0.024      0.015     -0.040      0.067
    45     13      0.023t     -0.020     -0.024     -0.015     -0.120      0.068
    46     34      0.005c     -0.007     -0.005      0.015      0.054     -0.021
    46     14     -0.005c      0.007      0.005     -0.015     -0.019     -0.028
    47     35      0.088c      0.0       -0.005     -0.008      0.072     -0.008
    47      3     -0.088c      0.0        0.005      0.008      0.053      0.010
    48     35      0.005c      0.007     -0.005     -0.015      0.054      0.021
    48     15     -0.005c     -0.007      0.005      0.015     -0.019      0.027
    49     35     -0.023t     -0.020      0.024     -0.015     -0.039     -0.067
    49     16      0.023t      0.020     -0.024      0.015     -0.121     -0.068
    50     36      0.090c      0.000     -0.005      0.006      0.072      0.014
    50      4     -0.090c     -0.000      0.005     -0.006      0.053     -0.010
    51     36     -0.022t      0.024      0.024      0.017     -0.038      0.079
    51     19      0.022t     -0.024     -0.024     -0.017     -0.122      0.077
    52     36      0.0        -0.008     -0.007      0.014      0.065     -0.023
    52     20     -0.000c      0.008      0.008     -0.014     -0.016     -0.029
    53     14      0.005c      0.001     -0.000      0.014      0.015     -0.004
    53     27     -0.005c     -0.001      0.000     -0.014     -0.010      0.022
    54     15      0.005c     -0.001     -0.000     -0.014      0.015      0.004
    54     26     -0.005c      0.001      0.000      0.014     -0.009     -0.022
    55     20      0.005c      0.001     -0.000      0.015      0.014     -0.009
    55     21     -0.005c     -0.001      0.000     -0.015     -0.008      0.025
    56      9      0.005c     -0.001     -0.000     -0.015      0.014      0.008
    56     32     -0.005c      0.001      0.000      0.015     -0.008     -0.025
    57     10     -0.030t      0.006     -0.005      0.022      0.095      0.095
    57     23      0.030t     -0.006      0.005     -0.022     -0.015      0.0  
    58     11      0.044c     -0.008     -0.002     -0.038      0.025     -0.132
    58     22     -0.045c      0.008      0.002      0.038      0.009      0.010
    59     12      0.044c      0.008     -0.002      0.039      0.028      0.132
    59     25     -0.044c     -0.008      0.003     -0.039      0.011     -0.009
    60     13     -0.030t     -0.006     -0.005     -0.023      0.097     -0.091
    60     24      0.030t      0.006      0.005      0.023     -0.015      0.001
    61     16     -0.030t      0.006     -0.005      0.023      0.097      0.091
    61     29      0.030t     -0.006      0.005     -0.023     -0.015     -0.000
    62     17      0.044c     -0.008     -0.003     -0.040      0.028     -0.133
    62     28     -0.044c      0.008      0.003      0.040      0.011      0.010
    63     18      0.044c      0.008     -0.002      0.039      0.025      0.132
    63     31     -0.044c     -0.008      0.002     -0.039      0.009     -0.011
    64     19     -0.030t     -0.006     -0.005     -0.022      0.095     -0.095
    64     30      0.030t      0.006      0.005      0.022     -0.015      0.0  
R E A C T I O N S							(global)
  Node        Fx          Fy          Fz         Mxx         Myy         Mzz
    11      -0.048      -0.003      -0.061       0.155      -0.199      -0.013
    12       0.045      -0.000      -0.061       0.156       0.205       0.019
    17       0.045       0.000      -0.061      -0.156       0.205      -0.019
    18      -0.048       0.003      -0.061      -0.155      -0.199       0.013
R M S    R E L A T I V E    E Q U I L I B R I U M    E R R O R: 9.462e-27

P E A K   F R A M E   E L E M E N T   I N T E R N A L   F O R C E S	(local)
  Elmnt             Nx          Vy         Vz        Txx        Myy        Mzz
     1   max       0.020       0.028      0.035      0.008      0.153      0.109
     1   min       0.020       0.028      0.035      0.008     -0.126     -0.116
     2   max       0.020       0.028     -0.036     -0.006      0.129      0.107
     2   min       0.020       0.028     -0.036     -0.006     -0.156     -0.116
     3   max       0.020      -0.028     -0.036      0.006      0.129      0.115
     3   min       0.020      -0.028     -0.036      0.006     -0.156     -0.107
     4   max       0.020      -0.028      0.035     -0.008      0.153      0.116
     4   min       0.020      -0.028      0.035     -0.008     -0.127     -0.109
     5   max      -0.029       0.001     -0.010     -0.001      0.106     -0.001
     5   min      -0.029       0.001     -0.010     -0.001     -0.092     -0.030
     6   max      -0.023      -0.011     -0.024      0.027      0.174      0.036
     6   min      -0.023      -0.011     -0.024      0.027     -0.041     -0.062
     7   max       0.000      -0.000      0.000      0.000     -0.000     -0.000
     7   min       0.000      -0.000     -0.000      0.000     -0.000     -0.000
     8   max      -0.020       0.009      0.024     -0.027      0.177      0.029
     8   min      -0.020       0.009      0.024     -0.027     -0.040     -0.048
     9   max      -0.023      -0.001      0.010     -0.001      0.105     -0.002
     9   min      -0.023      -0.001      0.010     -0.001     -0.093     -0.021
    10   max      -0.001      -0.002     -0.004     -0.013      0.051      0.037
    10   min      -0.001      -0.002     -0.004     -0.013     -0.042     -0.014
    11   max       0.012      -0.000      0.000     -0.000      0.013      0.012
    11   min       0.012      -0.000     -0.000     -0.000      0.013      0.012
    12   max      -0.001       0.002      0.005      0.013      0.051      0.037
    12   min      -0.001       0.002      0.004      0.013     -0.042     -0.014
    13   max      -0.023       0.001     -0.010      0.001      0.105     -0.001
    13   min      -0.023       0.001     -0.010      0.001     -0.093     -0.021
    14   max      -0.020      -0.009     -0.024      0.026      0.177      0.029
    14   min      -0.020      -0.009     -0.024      0.026     -0.040     -0.048
    15   max       0.000      -0.000      0.000      0.000     -0.000     -0.000
    15   min       0.000      -0.000     -0.000      0.000     -0.000     -0.000
    16   max      -0.023       0.011      0.024     -0.026      0.174      0.036
    16   min      -0.023       0.011      0.024     -0.026     -0.041     -0.062
    17   max      -0.029      -0.001      0.010      0.001      0.106     -0.001
    17   min      -0.029      -0.001      0.010      0.001     -0.092     -0.030
    18   max       0.008      -0.003     -0.004     -0.013      0.049      0.047
    18   min       0.008      -0.003     -0.004     -0.013     -0.041     -0.016
    19   max       0.021       0.000      0.000      0.000      0.011      0.016
    19   min       0.021       0.000     -0.000      0.000      0.011      0.016
    20   max       0.008       0.003      0.004      0.013      0.049      0.047
    20   min       0.008       0.003      0.004      0.013     -0.041     -0.016
    21   max       0.038      -0.007     -0.013     -0.036      0.127      0.050
    21   min       0.038      -0.007     -0.013     -0.036     -0.135     -0.091
    22   max       0.059       0.006      0.021      0.013      0.132      0.029
    22   min       0.059       0.006      0.021      0.013     -0.054     -0.026
    23   max       0.081      -0.000     -0.000      0.000     -0.037     -0.006
    23   min       0.081      -0.000     -0.000      0.000     -0.039     -0.009
    24   max       0.059      -0.006     -0.020     -0.014      0.132      0.032
    24   min       0.059      -0.006     -0.021     -0.014     -0.053     -0.024
    25   max       0.039       0.007      0.013      0.034      0.126      0.055
    25   min       0.038       0.007      0.013      0.034     -0.135     -0.088
    26   max       0.012      -0.007     -0.002     -0.022      0.021      0.065
    26   min       0.012      -0.007     -0.002     -0.022     -0.027     -0.080
    27   max       0.017       0.000      0.000     -0.000      0.017      0.040
    27   min       0.017       0.000     -0.000     -0.000      0.017      0.040
    28   max       0.012       0.007      0.002      0.022      0.021      0.064
    28   min       0.012       0.007      0.002      0.022     -0.027     -0.080
    29   max       0.039      -0.007     -0.013     -0.033      0.126      0.055
    29   min       0.038      -0.007     -0.013     -0.033     -0.135     -0.088
    30   max       0.059       0.006      0.021      0.014      0.131      0.032
    30   min       0.059       0.006      0.020      0.014     -0.053     -0.024
    31   max       0.081       0.000      0.000     -0.000     -0.037     -0.006
    31   min       0.081       0.000      0.000     -0.000     -0.039     -0.009
    32   max       0.059      -0.006     -0.021     -0.013      0.132      0.029
    32   min       0.059      -0.006     -0.021     -0.013     -0.054     -0.026
    33   max       0.038       0.007      0.013      0.035      0.127      0.050
    33   min       0.038       0.007      0.013      0.035     -0.135     -0.091
    34   max       0.012      -0.007     -0.002     -0.021      0.018      0.072
    34   min       0.012      -0.007     -0.002     -0.021     -0.026     -0.082
    35   max       0.018      -0.000      0.000      0.000      0.016      0.044
    35   min       0.018      -0.000     -0.000      0.000      0.016      0.044
    36   max       0.012       0.007      0.002      0.021      0.018      0.072
    36   min       0.012       0.007      0.002      0.021     -0.026     -0.082
    37   max      -0.083      -0.000      0.000     -0.000      0.048     -0.008
    37   min      -0.083      -0.000     -0.000     -0.000      0.046     -0.016
    38   max      -0.063      -0.000      0.000     -0.000      0.005      0.016
    38   min      -0.063      -0.000     -0.000     -0.000      0.005      0.016
    39   max      -0.083       0.000      0.000      0.000      0.048     -0.008
    39   min      -0.083       0.000     -0.000      0.000      0.046     -0.016
    40   max      -0.065       0.000      0.000      0.000      0.004      0.020
    40   min      -0.065       0.000     -0.000      0.000      0.004      0.020
    41   max      -0.090       0.000      0.005      0.006      0.072      0.014
    41   min      -0.090       0.000      0.005      0.006     -0.053      0.010
    42   max      -0.000      -0.008      0.008      0.014      0.065      0.029
    42   min      -0.000      -0.008      0.007      0.014      0.016     -0.023
    43   max       0.022       0.024     -0.024      0.017      0.122      0.079
    43   min       0.022       0.024     -0.024      0.017     -0.038     -0.077
    44   max      -0.088       0.000      0.005     -0.008      0.072     -0.008
    44   min      -0.088       0.000      0.005     -0.008     -0.053     -0.010
    45   max       0.023      -0.020     -0.024     -0.015      0.120      0.068
    45   min       0.023      -0.020     -0.024     -0.015     -0.040     -0.067
    46   max      -0.005       0.007      0.005     -0.015      0.054      0.021
    46   min      -0.005       0.007      0.005     -0.015      0.019     -0.028
    47   max      -0.088      -0.000      0.005      0.008      0.072      0.010
    47   min      -0.088      -0.000      0.005      0.008     -0.053      0.008
    48   max      -0.005      -0.007      0.005      0.015      0.054      0.027
    48   min      -0.005      -0.007      0.005      0.015      0.019     -0.021
    49   max       0.023       0.020     -0.024      0.015      0.121      0.067
    49   min       0.023       0.020     -0.024      0.015     -0.039     -0.068
    50   max      -0.090      -0.000      0.005     -0.006      0.072     -0.010
    50   min      -0.090      -0.000      0.005     -0.006     -0.053     -0.014
    51   max       0.022      -0.024     -0.024     -0.017      0.122      0.077
    51   min       0.022      -0.024     -0.024     -0.017     -0.038     -0.079
    52   max      -0.000       0.008      0.008     -0.014      0.065      0.023
    52   min      -0.000       0.008      0.007     -0.014      0.016     -0.029
    53   max      -0.005      -0.001      0.000     -0.014      0.015      0.022
    53   min      -0.005      -0.001      0.000     -0.014      0.010      0.004
    54   max      -0.005       0.001      0.000      0.014      0.015     -0.004
    54   min      -0.005       0.001      0.000      0.014      0.009     -0.022
    55   max      -0.005      -0.001      0.000     -0.015      0.014      0.025
    55   min      -0.005      -0.001      0.000     -0.015      0.008      0.009
    56   max      -0.005       0.001      0.000      0.015      0.014     -0.008
    56   min      -0.005       0.001      0.000      0.015      0.008     -0.025
    57   max       0.030      -0.006      0.005     -0.022      0.095      0.000
    57   min       0.030      -0.006      0.005     -0.022      0.015     -0.095
    58   max      -0.044       0.008      0.002      0.038      0.025      0.132
    58   min      -0.045       0.008      0.002      0.038     -0.009      0.010
    59   max      -0.044      -0.008      0.003     -0.039      0.028     -0.009
    59   min      -0.044      -0.008      0.002     -0.039     -0.011     -0.132
    60   max       0.030       0.006      0.005      0.023      0.097      0.091
    60   min       0.030       0.006      0.005      0.023      0.015      0.001
    61   max       0.030      -0.006      0.005     -0.023      0.097     -0.000
    61   min       0.030      -0.006      0.005     -0.023      0.015     -0.091
    62   max      -0.044       0.008      0.003      0.040      0.028      0.133
    62   min      -0.044       0.008      0.003      0.040     -0.011      0.010
    63   max      -0.044      -0.008      0.002     -0.039      0.025     -0.011
    63   min      -0.044      -0.008      0.002     -0.039     -0.009     -0.132
    64   max       0.030       0.006      0.005      0.022      0.095      0.095
    64   min       0.030       0.006      0.005      0.022      0.015     -0.000

M O D A L   A N A L Y S I S   R E S U L T S
  Total Mass:  3.217164e-05     Structural Mass:  3.217164e-05 
N O D A L   M A S S E S	(diagonal of the mass matrix)			(global)
  Node  X-mass      Y-mass      Z-mass      X-inrta     Y-inrta     Z-inrta
     1 8.39277e-07 8.40939e-07 8.64636e-07 5.97015e-06 6.06589e-06 9.92536e-06
     2 8.39277e-07 8.40939e-07 8.64636e-07 5.97015e-06 6.06589e-06 9.92536e-06
     3 8.39277e-07 8.40939e-07 8.64636e-07 5.95950e-06 6.06129e-06 9.92521e-06
     4 8.39277e-07 8.40939e-07 8.64636e-07 5.95950e-06 6.06129e-06 9.92521e-06
     5 5.65840e-07 5.66520e-07 5.78064e-07 3.44023e-06 3.41058e-06 5.71812e-06
     6 5.65840e-07 5.66520e-07 5.78064e-07 3.44023e-06 3.41058e-06 5.71812e-06
     7 5.65840e-07 5.66520e-07 5.78064e-07 3.42958e-06 3.40598e-06 5.71797e-06
     8 5.65840e-07 5.66520e-07 5.78064e-07 3.42958e-06 3.40598e-06 5.71797e-06
     9 7.88624e-07 7.43481e-07 7.91395e-07 7.26559e-06 2.98716e-06 7.21228e-06
    10 5.74728e-07 5.98957e-07 5.97007e-07 2.20192e-06 3.44251e-06 3.58213e-06
    11 5.62717e-04 5.62717e-04 5.62717e-04 5.62717e-04 5.62717e-04 5.62717e-04
    12 5.62717e-04 5.62717e-04 5.62717e-04 5.62717e-04 5.62717e-04 5.62717e-04
    13 5.74728e-07 5.98957e-07 5.97007e-07 2.20192e-06 3.44251e-06 3.58213e-06
    14 7.88624e-07 7.43481e-07 7.91395e-07 7.26559e-06 2.98716e-06 7.21228e-06
    15 7.88624e-07 7.43481e-07 7.91395e-07 7.26559e-06 2.98716e-06 7.21228e-06
    16 5.74728e-07 5.98957e-07 5.97007e-07 2.18447e-06 3.43792e-06 3.58198e-06
    17 5.62717e-04 5.62717e-04 5.62717e-04 5.62717e-04 5.62717e-04 5.62717e-04
    18 5.62717e-04 5.62717e-04 5.62717e-04 5.62717e-04 5.62717e-04 5.62717e-04
    19 5.74728e-07 5.98957e-07 5.97007e-07 2.18447e-06 3.43792e-06 3.58198e-06
    20 7.88624e-07 7.43481e-07 7.91395e-07 7.26559e-06 2.98716e-06 7.21228e-06
    21 7.14505e-07 6.61637e-07 7.14379e-07 7.14272e-06 2.87775e-06 7.09446e-06
    22 4.91255e-07 5.24064e-07 5.18515e-07 2.08794e-06 3.31534e-06 3.46049e-06
    23 3.94517e-07 4.34508e-07 4.21318e-07 1.23225e-06 1.91208e-06 1.41527e-06
    24 3.94517e-07 4.34508e-07 4.21318e-07 1.23225e-06 1.91208e-06 1.41527e-06
    25 4.91255e-07 5.24064e-07 5.18515e-07 2.08794e-06 3.31534e-06 3.46049e-06
    26 7.14505e-07 6.61637e-07 7.14379e-07 7.14272e-06 2.87775e-06 7.09446e-06
    27 7.14505e-07 6.61637e-07 7.14379e-07 7.14272e-06 2.87775e-06 7.09446e-06
    28 4.91255e-07 5.24064e-07 5.18515e-07 2.07049e-06 3.31074e-06 3.46034e-06
    29 3.94517e-07 4.34508e-07 4.21318e-07 1.21637e-06 1.91208e-06 1.41527e-06
    30 3.94517e-07 4.34508e-07 4.21318e-07 1.21637e-06 1.91208e-06 1.41527e-06
    31 4.91255e-07 5.24064e-07 5.18515e-07 2.07049e-06 3.31074e-06 3.46034e-06
    32 7.14505e-07 6.61637e-07 7.14379e-07 7.14272e-06 2.87775e-06 7.09446e-06
    33 9.86699e-07 9.98318e-07 1.03529e-06 5.88247e-06 1.15943e-05 1.52434e-05
    34 9.86699e-07 9.98318e-07 1.03529e-06 5.88247e-06 1.15943e-05 1.52434e-05
    35 9.86699e-07 9.98318e-07 1.03529e-06 5.88247e-06 1.15943e-05 1.52434e-05
    36 9.86699e-07 9.98318e-07 1.03529e-06 5.88247e-06 1.15943e-05 1.52434e-05
  Use consistent mass matrix.
N A T U R A L   F R E Q U E N C I E S   & 
M A S S   N O R M A L I Z E D   M O D E   S H A P E S 
 convergence tolerance: 1.000e-06 
  MODE     1:   f= 89.856613 Hz,  T= 0.011129 sec
		X- modal participation factor =  -1.0619e-03 
		Y- modal participation factor =   2.3134e-07 
		Z- modal participation factor =   1.1511e-07 
  Node    X-dsp       Y-dsp       Z-dsp       X-rot       Y-rot       Z-rot
     1  -1.366e+01  -8.462e+00   2.926e+02  -7.328e-01   9.954e+00   6.958e-01
     2  -1.366e+01   8.459e+00  -2.926e+02   7.327e-01   9.953e+00   6.956e-01
     3  -1.357e+01  -8.783e+00  -2.935e+02  -7.634e-01   9.966e+00  -7.034e-01
     4  -1.357e+01   8.786e+00   2.935e+02   7.634e-01   9.967e+00  -7.036e-01
     5  -8.517e+01  -1.319e+01   2.926e+02  -1.103e+00   9.531e+00   2.688e-01
     6  -8.516e+01   1.318e+01  -2.926e+02   1.103e+00   9.531e+00   2.687e-01
     7  -8.518e+01  -1.371e+01  -2.934e+02  -1.126e+00   9.545e+00  -2.748e-01
     8  -8.518e+01   1.372e+01   2.934e+02   1.126e+00   9.545e+00  -2.749e-01
     9  -2.262e-01  -4.465e-01   1.521e+02   1.125e-01   1.203e+01   2.082e-01
    10   2.797e-01   4.365e+00   8.461e+01   1.986e-01   1.177e+01  -3.412e-01
    11   4.208e-08   4.412e-08   4.936e-07   2.172e-08   3.928e-06  -2.480e-07
    12   0.000e+00   0.000e+00   0.000e+00   0.000e+00   0.000e+00   0.000e+00
    13   2.798e-01  -4.363e+00  -8.460e+01  -1.985e-01   1.177e+01  -3.412e-01
    14  -2.246e-01   4.464e-01  -1.521e+02  -1.125e-01   1.203e+01   2.081e-01
    15  -2.259e-01  -6.324e-01  -1.523e+02   8.667e-02   1.204e+01  -2.111e-01
    16   2.847e-01   4.276e+00  -8.479e+01   1.926e-01   1.180e+01   3.295e-01
    17   4.283e-08   4.356e-08  -4.946e-07   2.029e-08   3.936e-06   2.438e-07
    18   0.000e+00   0.000e+00   0.000e+00   0.000e+00   0.000e+00   0.000e+00
    19   2.846e-01  -4.277e+00   8.480e+01  -1.927e-01   1.180e+01   3.295e-01
    20  -2.275e-01   6.325e-01   1.523e+02  -8.674e-02   1.204e+01  -2.112e-01
    21  -1.284e+02  -6.513e-02   1.561e+02  -1.676e-01   1.123e+01   1.074e+00
    22  -9.827e+01  -2.644e+01   7.430e+01  -2.980e+00   9.916e+00   8.018e-01
    23  -9.769e+01  -1.115e+01   1.353e+01  -1.757e+00   4.415e+00   1.600e+00
    24  -9.769e+01   1.115e+01  -1.353e+01   1.756e+00   4.415e+00   1.600e+00
    25  -9.827e+01   2.644e+01  -7.430e+01   2.979e+00   9.916e+00   8.018e-01
    26  -1.284e+02   6.505e-02  -1.561e+02   1.675e-01   1.123e+01   1.074e+00
    27  -1.285e+02  -6.317e-01  -1.564e+02  -2.021e-01   1.123e+01  -1.070e+00
    28  -9.845e+01  -2.683e+01  -7.444e+01  -3.031e+00   9.931e+00  -8.201e-01
    29  -9.788e+01  -1.132e+01  -1.357e+01  -1.791e+00   4.424e+00  -1.626e+00
    30  -9.788e+01   1.132e+01   1.358e+01   1.792e+00   4.424e+00  -1.626e+00
    31  -9.845e+01   2.683e+01   7.444e+01   3.032e+00   9.931e+00  -8.202e-01
    32  -1.285e+02   6.318e-01   1.565e+02   2.022e-01   1.123e+01  -1.070e+00
    33   4.729e+01  -2.490e-01   9.230e+01   6.486e-01   1.069e+01   1.276e-02
    34   4.729e+01   2.490e-01  -9.229e+01  -6.483e-01   1.069e+01   1.261e-02
    35   4.735e+01  -3.109e-01  -9.245e+01   6.340e-01   1.070e+01  -1.918e-02
    36   4.735e+01   3.109e-01   9.245e+01  -6.343e-01   1.070e+01  -1.934e-02
  MODE     2:   f= 100.995421 Hz,  T= 0.009901 sec
		X- modal participation factor =  -1.2594e-06 
		Y- modal participation factor =  -4.2599e-08 
		Z- modal participation factor =   3.1205e-06 
  Node    X-dsp       Y-dsp       Z-dsp       X-rot       Y-rot       Z-rot
     1   3.489e+01  -1.175e+02   2.932e+02  -7.888e+00   5.835e+00   3.755e+00
     2   3.489e+01   1.175e+02  -2.932e+02   7.888e+00   5.835e+00   3.755e+00
     3  -3.482e+01   1.174e+02   2.925e+02   7.931e+00  -5.776e+00   3.740e+00
     4  -3.483e+01  -1.174e+02  -2.925e+02  -7.931e+00  -5.776e+00   3.740e+00
     5  -8.789e-01  -1.771e+02   2.934e+02  -7.641e+00   4.670e+00   3.162e+00
     6  -8.828e-01   1.770e+02  -2.934e+02   7.641e+00   4.670e+00   3.161e+00
     7   5.321e-01   1.772e+02   2.926e+02   7.675e+00  -4.616e+00   3.172e+00
     8   5.280e-01  -1.772e+02  -2.926e+02  -7.675e+00  -4.616e+00   3.172e+00
     9  -2.453e+00  -6.369e+01   7.482e+01  -9.020e+00   3.848e+00   1.101e+00
    10   1.295e+00  -3.000e+01   7.037e+01  -2.970e+00   9.618e+00   3.850e+00
    11   1.948e-07  -1.979e-07   4.227e-07  -3.249e-07   3.297e-06   1.448e-06
    12   0.000e+00   0.000e+00   0.000e+00   0.000e+00   0.000e+00   0.000e+00
    13   1.295e+00   3.000e+01  -7.037e+01   2.970e+00   9.618e+00   3.849e+00
    14  -2.453e+00   6.368e+01  -7.483e+01   9.020e+00   3.848e+00   1.101e+00
    15   2.438e+00   6.368e+01   7.427e+01   9.025e+00  -3.813e+00   1.101e+00
    16  -1.293e+00   3.005e+01   7.009e+01   2.986e+00  -9.584e+00   3.854e+00
    17  -1.946e-07   1.983e-07   4.207e-07   3.146e-07  -3.283e-06   1.451e-06
    18   0.000e+00   0.000e+00   0.000e+00   0.000e+00   0.000e+00   0.000e+00
    19  -1.294e+00  -3.005e+01  -7.009e+01  -2.986e+00  -9.584e+00   3.854e+00
    20   2.437e+00  -6.368e+01  -7.427e+01  -9.025e+00  -3.813e+00   1.101e+00
    21  -9.751e+00  -1.912e+02   1.145e+02  -1.148e+01   5.961e-01  -1.340e+00
    22  -7.959e+01  -9.478e+01   6.106e+01  -6.936e+00   8.217e+00   6.723e+00
    23  -7.922e+01  -3.561e+01   1.165e+01  -3.568e+00   3.637e+00   5.885e+00
    24  -7.922e+01   3.561e+01  -1.165e+01   3.569e+00   3.637e+00   5.885e+00
    25  -7.959e+01   9.479e+01  -6.106e+01   6.936e+00   8.217e+00   6.723e+00
    26  -9.752e+00   1.912e+02  -1.145e+02   1.148e+01   5.961e-01  -1.340e+00
    27   9.605e+00   1.912e+02   1.139e+02   1.149e+01  -5.720e-01  -1.337e+00
    28   7.923e+01   9.495e+01   6.079e+01   6.982e+00  -8.179e+00   6.722e+00
    29   7.887e+01   3.572e+01   1.161e+01   3.601e+00  -3.620e+00   5.901e+00
    30   7.887e+01  -3.572e+01  -1.161e+01  -3.601e+00  -3.620e+00   5.901e+00
    31   7.923e+01  -9.495e+01  -6.079e+01  -6.982e+00  -8.179e+00   6.722e+00
    32   9.604e+00  -1.912e+02  -1.139e+02  -1.149e+01  -5.720e-01  -1.337e+00
    33   2.028e+01  -1.951e+01   5.647e+01  -5.155e+00   5.774e+00   2.396e+00
    34   2.028e+01   1.950e+01  -5.647e+01   5.155e+00   5.774e+00   2.396e+00
    35  -2.015e+01   1.949e+01   5.611e+01   5.165e+00  -5.739e+00   2.392e+00
    36  -2.015e+01  -1.950e+01  -5.611e+01  -5.165e+00  -5.739e+00   2.392e+00
  MODE     3:   f= 123.382974 Hz,  T= 0.008105 sec
		X- modal participation factor =   4.6337e-07 
		Y- modal participation factor =  -4.1415e-03 
		Z- modal participation factor =  -2.5812e-06 
  Node    X-dsp       Y-dsp       Z-dsp       X-rot       Y-rot       Z-rot
     1   8.938e+01  -2.099e+02   1.787e+02  -6.222e+00   1.361e+00   7.493e+00
     2  -8.937e+01  -2.099e+02   1.787e+02  -6.223e+00  -1.362e+00  -7.492e+00
     3   8.933e+01  -2.099e+02  -1.791e+02  -6.252e+00   1.353e+00  -7.488e+00
     4  -8.934e+01  -2.099e+02  -1.791e+02  -6.251e+00  -1.353e+00   7.489e+00
     5   9.195e+01  -2.576e+02   1.787e+02  -6.331e+00   6.392e-02   6.490e+00
     6  -9.193e+01  -2.575e+02   1.788e+02  -6.331e+00  -6.436e-02  -6.490e+00
     7   9.190e+01  -2.577e+02  -1.792e+02  -6.334e+00   7.509e-02  -6.492e+00
     8  -9.191e+01  -2.577e+02  -1.792e+02  -6.334e+00  -7.463e-02   6.492e+00
     9  -1.465e+01  -1.180e+02   4.581e+01  -6.906e+00   1.675e+00   2.488e+00
    10   4.870e+00  -6.496e+01   3.610e+01  -1.396e+00   5.029e+00   7.058e+00
    11   7.327e-07  -5.183e-07   2.103e-07  -1.528e-07   1.675e-06   3.355e-06
    12   0.000e+00   0.000e+00   0.000e+00   0.000e+00   0.000e+00   0.000e+00
    13  -4.869e+00  -6.496e+01   3.610e+01  -1.397e+00  -5.029e+00  -7.057e+00
    14   1.465e+01  -1.180e+02   4.582e+01  -6.906e+00  -1.676e+00  -2.488e+00
    15  -1.469e+01  -1.180e+02  -4.595e+01  -6.908e+00   1.690e+00  -2.489e+00
    16   4.864e+00  -6.498e+01  -3.620e+01  -1.405e+00   5.044e+00  -7.059e+00
    17   7.319e-07  -5.185e-07  -2.109e-07  -1.481e-07   1.680e-06  -3.356e-06
    18   0.000e+00   0.000e+00   0.000e+00   0.000e+00   0.000e+00   0.000e+00
    19  -4.865e+00  -6.499e+01  -3.620e+01  -1.405e+00  -5.043e+00   7.060e+00
    20   1.469e+01  -1.180e+02  -4.595e+01  -6.907e+00  -1.690e+00   2.490e+00
    21   2.480e+01  -2.191e+02   9.921e+01  -8.846e+00  -5.258e-01   2.114e+00
    22  -4.271e+00  -1.377e+02   8.809e+00  -1.117e+01   3.964e-01   7.505e+00
    23  -2.256e+00  -8.682e+01   2.704e+01  -8.287e+00  -1.733e+00   3.563e+00
    24   2.261e+00  -8.682e+01   2.705e+01  -8.287e+00   1.733e+00  -3.563e+00
    25   4.277e+00  -1.377e+02   8.814e+00  -1.117e+01  -3.969e-01  -7.505e+00
    26  -2.480e+01  -2.191e+02   9.921e+01  -8.846e+00   5.258e-01  -2.114e+00
    27   2.451e+01  -2.191e+02  -9.936e+01  -8.847e+00  -5.026e-01  -2.121e+00
    28  -4.281e+00  -1.380e+02  -8.819e+00  -1.123e+01   3.872e-01  -7.504e+00
    29  -2.264e+00  -8.705e+01  -2.714e+01  -8.286e+00  -1.739e+00  -3.562e+00
    30   2.259e+00  -8.705e+01  -2.714e+01  -8.286e+00   1.740e+00   3.562e+00
    31   4.275e+00  -1.380e+02  -8.815e+00  -1.123e+01  -3.867e-01   7.504e+00
    32  -2.452e+01  -2.191e+02  -9.936e+01  -8.847e+00   5.027e-01   2.122e+00
    33   7.952e-01  -6.742e+01   3.681e+01  -3.271e+00   3.434e+00   3.667e+00
    34  -7.968e-01  -6.741e+01   3.681e+01  -3.272e+00  -3.434e+00  -3.667e+00
    35   8.103e-01  -6.741e+01  -3.687e+01  -3.276e+00   3.444e+00  -3.668e+00
    36  -8.086e-01  -6.742e+01  -3.687e+01  -3.276e+00  -3.444e+00   3.669e+00
  MODE     4:   f= 144.913936 Hz,  T= 0.006901 sec
		X- modal participation factor =  -7.9302e-07 
		Y- modal participation factor =   1.2170e-07 
		Z- modal participation factor =  -2.1122e-06 
  Node    X-dsp       Y-dsp       Z-dsp       X-rot       Y-rot       Z-rot
     1   1.284e+02  -2.486e+02  -1.813e+02   4.407e+00  -5.107e+00   9.366e+00
     2   1.284e+02   2.487e+02   1.813e+02  -4.406e+00  -5.107e+00   9.367e+00
     3  -1.284e+02   2.486e+02  -1.814e+02  -4.421e+00   5.101e+00   9.366e+00
     4  -1.284e+02  -2.486e+02   1.814e+02   4.422e+00   5.101e+00   9.366e+00
     5   1.651e+02  -2.163e+02  -1.814e+02   4.567e+00  -4.753e+00   9.234e+00
     6   1.651e+02   2.164e+02   1.813e+02  -4.566e+00  -4.753e+00   9.235e+00
     7  -1.650e+02   2.161e+02  -1.814e+02  -4.592e+00   4.739e+00   9.221e+00
     8  -1.650e+02  -2.161e+02   1.815e+02   4.593e+00   4.739e+00   9.221e+00
     9  -2.810e+01  -1.531e+02  -3.273e+01   2.332e+00  -4.437e+00   3.427e+00
    10   5.603e+00  -9.777e+01  -4.422e+01   5.146e+00  -4.963e+00   9.890e+00
    11   8.432e-07  -8.320e-07  -3.419e-07   5.633e-07  -2.257e-06   5.175e-06
    12   0.000e+00   0.000e+00   0.000e+00   0.000e+00   0.000e+00   0.000e+00
    13   5.604e+00   9.777e+01   4.421e+01  -5.146e+00  -4.963e+00   9.891e+00
    14  -2.811e+01   1.531e+02   3.272e+01  -2.332e+00  -4.436e+00   3.427e+00
    15   2.804e+01   1.531e+02  -3.259e+01  -2.336e+00   4.444e+00   3.424e+00
    16  -5.608e+00   9.771e+01  -4.419e+01  -5.186e+00   4.958e+00   9.881e+00
    17  -8.438e-07   8.317e-07  -3.418e-07  -5.466e-07   2.256e-06   5.172e-06
    18   0.000e+00   0.000e+00   0.000e+00   0.000e+00   0.000e+00   0.000e+00
    19  -5.608e+00  -9.770e+01   4.419e+01   5.187e+00   4.958e+00   9.881e+00
    20   2.804e+01  -1.531e+02   3.260e+01   2.336e+00   4.444e+00   3.424e+00
    21   4.860e+01  -1.165e+02  -2.956e+01   4.653e+00  -5.411e-01   5.053e+00
    22   6.274e+01  -4.225e+01  -4.693e+01   9.070e-01  -6.304e+00   6.406e+00
    23   6.171e+01  -8.052e+00  -5.629e+00   1.339e+00  -2.808e+00   2.531e+00
    24   6.171e+01   8.055e+00   5.628e+00  -1.338e+00  -2.808e+00   2.531e+00
    25   6.274e+01   4.226e+01   4.693e+01  -9.063e-01  -6.304e+00   6.407e+00
    26   4.860e+01   1.166e+02   2.955e+01  -4.652e+00  -5.413e-01   5.053e+00
    27  -4.888e+01   1.166e+02  -2.943e+01  -4.655e+00   5.519e-01   5.044e+00
    28  -6.273e+01   4.210e+01  -4.692e+01  -9.063e-01   6.309e+00   6.403e+00
    29  -6.170e+01   7.948e+00  -5.612e+00  -1.361e+00   2.807e+00   2.515e+00
    30  -6.170e+01  -7.929e+00   5.615e+00   1.362e+00   2.807e+00   2.515e+00
    31  -6.273e+01  -4.208e+01   4.693e+01   9.082e-01   6.309e+00   6.403e+00
    32  -4.888e+01  -1.165e+02   2.944e+01   4.657e+00   5.520e-01   5.045e+00
    33  -3.988e+01  -1.262e+02  -1.382e+01   3.141e+00  -3.219e+00   4.738e+00
    34  -3.988e+01   1.262e+02   1.382e+01  -3.141e+00  -3.218e+00   4.739e+00
    35   3.984e+01   1.263e+02  -1.367e+01  -3.151e+00   3.217e+00   4.738e+00
    36   3.984e+01  -1.263e+02   1.368e+01   3.151e+00   3.217e+00   4.738e+00
M A T R I X    I T E R A T I O N S: 7
There are 4 modes below 144.913936 Hz. ... All 4 modes were found.

